-- The C compiler identification is GNU 11.3.0
-- The CXX compiler identification is GNU 11.3.0
-- Detecting C compiler ABI info
-- Detecting C compiler ABI info - done
-- Check for working C compiler: /usr/bin/cc - skipped
-- Detecting C compile features
-- Detecting C compile features - done
-- Detecting CXX compiler ABI info
-- Detecting CXX compiler ABI info - done
-- Check for working CXX compiler: /usr/bin/c++ - skipped
-- Detecting CXX compile features
-- Detecting CXX compile features - done
-- Found ament_cmake: 1.3.3 (/opt/ros/humble/share/ament_cmake/cmake)
-- Found Python3: /usr/bin/python3.10 (found version "3.10.6") found components: Interpreter 
-- Found rclcpp: 16.0.3 (/opt/ros/humble/share/rclcpp/cmake)
-- Found rosidl_generator_c: 3.1.4 (/opt/ros/humble/share/rosidl_generator_c/cmake)
-- Found rosidl_adapter: 3.1.4 (/opt/ros/humble/share/rosidl_adapter/cmake)
-- Found rosidl_generator_cpp: 3.1.4 (/opt/ros/humble/share/rosidl_generator_cpp/cmake)
-- Using all available rosidl_typesupport_c: rosidl_typesupport_fastrtps_c;rosidl_typesupport_introspection_c
-- Using all available rosidl_typesupport_cpp: rosidl_typesupport_fastrtps_cpp;rosidl_typesupport_introspection_cpp
-- Found rmw_implementation_cmake: 6.1.1 (/opt/ros/humble/share/rmw_implementation_cmake/cmake)
-- Found rmw_fastrtps_cpp: 6.2.2 (/opt/ros/humble/share/rmw_fastrtps_cpp/cmake)
-- Found OpenSSL: /usr/lib/x86_64-linux-gnu/libcrypto.so (found version "3.0.2")  
-- Found FastRTPS: /opt/ros/humble/include  
-- Using RMW implementation 'rmw_fastrtps_cpp' as default
-- Looking for pthread.h
-- Looking for pthread.h - found
-- Performing Test CMAKE_HAVE_LIBC_PTHREAD
-- Performing Test CMAKE_HAVE_LIBC_PTHREAD - Success
-- Found Threads: TRUE  
-- Found rclcpp_components: 16.0.3 (/opt/ros/humble/share/rclcpp_components/cmake)
-- Found sensor_msgs: 4.2.3 (/opt/ros/humble/share/sensor_msgs/cmake)
-- Found OpenCV: /usr (found version "4.5.4") 
-- Found cv_bridge: 3.2.1 (/opt/ros/humble/share/cv_bridge/cmake)
-- Found image_transport: 3.1.5 (/opt/ros/humble/share/image_transport/cmake)
-- Found rosidl_default_generators: 1.2.0 (/opt/ros/humble/share/rosidl_default_generators/cmake)
-- Found ament_cmake_ros: 0.10.0 (/opt/ros/humble/share/ament_cmake_ros/cmake)
-- Using all available rosidl_typesupport_c: rosidl_typesupport_fastrtps_c;rosidl_typesupport_introspection_c
-- Using all available rosidl_typesupport_cpp: rosidl_typesupport_fastrtps_cpp;rosidl_typesupport_introspection_cpp
-- Found PythonInterp: /usr/bin/python3 (found suitable version "3.10.6", minimum required is "3.6") 
-- Found python_cmake_module: 0.10.0 (/opt/ros/humble/share/python_cmake_module/cmake)
-- Found PythonLibs: /usr/lib/x86_64-linux-gnu/libpython3.10.so (found suitable version "3.10.6", minimum required is "3.5") 
-- Using PYTHON_EXECUTABLE: /usr/bin/python3
-- Using PYTHON_INCLUDE_DIRS: /usr/include/python3.10
-- Using PYTHON_LIBRARIES: /usr/lib/x86_64-linux-gnu/libpython3.10.so
-- Found PythonExtra: .so  
-- Found ament_lint_auto: 0.12.5 (/opt/ros/humble/share/ament_lint_auto/cmake)
-- Added test 'cppcheck' to perform static code analysis on C / C++ code
-- Configured cppcheck include dirs: /home/ram-user/pong_ws/src/advanced_user_interface/include;$<BUILD_INTERFACE:/home/ram-user/pong_ws/src/advanced_user_interface/include>
-- Configured cppcheck exclude dirs and/or files: 
-- Added test 'flake8' to check Python code syntax and style conventions
-- Added test 'lint_cmake' to check CMake code style
-- Added test 'pep257' to check Python code against some of the docstring style conventions in PEP 257
-- Added test 'uncrustify' to check C / C++ code style
-- Configured uncrustify additional arguments: 
-- Added test 'xmllint' to check XML markup files
-- Configuring done
-- Generating done
-- Build files have been written to: /home/ram-user/pong_ws/build/advanced_user_interface
[  2%] [34m[1mGenerating C++ code for ROS interfaces[0m
[  5%] [34m[1mGenerating C code for ROS interfaces[0m
[  5%] Built target advanced_user_interface__cpp
[  5%] Built target ament_cmake_python_copy_advanced_user_interface
[  8%] [34m[1mGenerating C++ type support dispatch for ROS interfaces[0m
[ 11%] [32mBuilding C object CMakeFiles/advanced_user_interface__rosidl_generator_c.dir/rosidl_generator_c/advanced_user_interface/msg/detail/point2__functions.c.o[0m
[ 14%] [32m[1mLinking C shared library libadvanced_user_interface__rosidl_generator_c.so[0m
[ 14%] Built target advanced_user_interface__rosidl_generator_c
[ 17%] [34m[1mGenerating C++ type support for eProsima Fast-RTPS[0m
[ 20%] [32mBuilding CXX object CMakeFiles/advanced_user_interface__rosidl_typesupport_cpp.dir/rosidl_typesupport_cpp/advanced_user_interface/msg/point2__type_support.cpp.o[0m
[ 23%] [32mBuilding CXX object CMakeFiles/advanced_user_interface__rosidl_typesupport_fastrtps_cpp.dir/rosidl_typesupport_fastrtps_cpp/advanced_user_interface/msg/detail/dds_fastrtps/point2__type_support.cpp.o[0m
[ 26%] [32m[1mLinking CXX shared library libadvanced_user_interface__rosidl_typesupport_cpp.so[0m
[ 26%] Built target advanced_user_interface__rosidl_typesupport_cpp
[ 29%] [32m[1mLinking CXX shared library libadvanced_user_interface__rosidl_typesupport_fastrtps_cpp.so[0m
[ 29%] Built target advanced_user_interface__rosidl_typesupport_fastrtps_cpp
[ 32%] [34m[1mGenerating C introspection for ROS interfaces[0m
[ 35%] [32mBuilding C object CMakeFiles/advanced_user_interface__rosidl_typesupport_introspection_c.dir/rosidl_typesupport_introspection_c/advanced_user_interface/msg/detail/point2__type_support.c.o[0m
[ 38%] [32m[1mLinking C shared library libadvanced_user_interface__rosidl_typesupport_introspection_c.so[0m
[ 38%] Built target advanced_user_interface__rosidl_typesupport_introspection_c
[ 41%] [34m[1mGenerating C type support dispatch for ROS interfaces[0m
[ 44%] [32mBuilding CXX object CMakeFiles/advanced_user_interface__rosidl_typesupport_c.dir/rosidl_typesupport_c/advanced_user_interface/msg/point2__type_support.cpp.o[0m
[ 47%] [32m[1mLinking CXX shared library libadvanced_user_interface__rosidl_typesupport_c.so[0m
[ 47%] Built target advanced_user_interface__rosidl_typesupport_c
[ 50%] [34m[1mGenerating C++ introspection for ROS interfaces[0m
[ 52%] [32mBuilding CXX object CMakeFiles/advanced_user_interface__rosidl_typesupport_introspection_cpp.dir/rosidl_typesupport_introspection_cpp/advanced_user_interface/msg/detail/point2__type_support.cpp.o[0m
[ 55%] [32m[1mLinking CXX shared library libadvanced_user_interface__rosidl_typesupport_introspection_cpp.so[0m
[ 55%] Built target advanced_user_interface__rosidl_typesupport_introspection_cpp
running egg_info
creating advanced_user_interface.egg-info
writing advanced_user_interface.egg-info/PKG-INFO
writing dependency_links to advanced_user_interface.egg-info/dependency_links.txt
writing top-level names to advanced_user_interface.egg-info/top_level.txt
writing manifest file 'advanced_user_interface.egg-info/SOURCES.txt'
reading manifest file 'advanced_user_interface.egg-info/SOURCES.txt'
writing manifest file 'advanced_user_interface.egg-info/SOURCES.txt'
[ 55%] Built target ament_cmake_python_build_advanced_user_interface_egg
[ 58%] [32mBuilding CXX object CMakeFiles/light_position_detection.dir/src/light_position_detection_node.cpp.o[0m
[ 61%] [32mBuilding CXX object CMakeFiles/light_position_detection.dir/src/light_position_detection.cpp.o[0m
[ 64%] [32m[1mLinking CXX executable light_position_detection[0m
[ 64%] Built target light_position_detection
[ 67%] [34m[1mGenerating C type support for eProsima Fast-RTPS[0m
[ 70%] [32mBuilding CXX object CMakeFiles/advanced_user_interface__rosidl_typesupport_fastrtps_c.dir/rosidl_typesupport_fastrtps_c/advanced_user_interface/msg/detail/point2__type_support_c.cpp.o[0m
[ 73%] [32m[1mLinking CXX shared library libadvanced_user_interface__rosidl_typesupport_fastrtps_c.so[0m
[ 73%] Built target advanced_user_interface__rosidl_typesupport_fastrtps_c
[ 73%] Built target advanced_user_interface
[ 76%] [34m[1mGenerating Python code for ROS interfaces[0m
[ 76%] Built target advanced_user_interface__py
[ 79%] [32mBuilding C object CMakeFiles/advanced_user_interface__rosidl_generator_py.dir/rosidl_generator_py/advanced_user_interface/msg/_point2_s.c.o[0m
[ 82%] [32m[1mLinking C shared library rosidl_generator_py/advanced_user_interface/libadvanced_user_interface__rosidl_generator_py.so[0m
[ 82%] Built target advanced_user_interface__rosidl_generator_py
[ 85%] [32mBuilding C object CMakeFiles/advanced_user_interface__rosidl_typesupport_fastrtps_c__pyext.dir/rosidl_generator_py/advanced_user_interface/_advanced_user_interface_s.ep.rosidl_typesupport_fastrtps_c.c.o[0m
[ 88%] [32m[1mLinking C shared library rosidl_generator_py/advanced_user_interface/advanced_user_interface_s__rosidl_typesupport_fastrtps_c.cpython-310-x86_64-linux-gnu.so[0m
[ 88%] Built target advanced_user_interface__rosidl_typesupport_fastrtps_c__pyext
[ 91%] [32mBuilding C object CMakeFiles/advanced_user_interface__rosidl_typesupport_introspection_c__pyext.dir/rosidl_generator_py/advanced_user_interface/_advanced_user_interface_s.ep.rosidl_typesupport_introspection_c.c.o[0m
[ 94%] [32m[1mLinking C shared library rosidl_generator_py/advanced_user_interface/advanced_user_interface_s__rosidl_typesupport_introspection_c.cpython-310-x86_64-linux-gnu.so[0m
[ 94%] Built target advanced_user_interface__rosidl_typesupport_introspection_c__pyext
[ 97%] [32mBuilding C object CMakeFiles/advanced_user_interface__rosidl_typesupport_c__pyext.dir/rosidl_generator_py/advanced_user_interface/_advanced_user_interface_s.ep.rosidl_typesupport_c.c.o[0m
[100%] [32m[1mLinking C shared library rosidl_generator_py/advanced_user_interface/advanced_user_interface_s__rosidl_typesupport_c.cpython-310-x86_64-linux-gnu.so[0m
[100%] Built target advanced_user_interface__rosidl_typesupport_c__pyext
-- Install configuration: ""
-- Installing: /home/ram-user/pong_ws/install/advanced_user_interface/share/ament_index/resource_index/rosidl_interfaces/advanced_user_interface
-- Installing: /home/ram-user/pong_ws/install/advanced_user_interface/include/advanced_user_interface/advanced_user_interface
-- Installing: /home/ram-user/pong_ws/install/advanced_user_interface/include/advanced_user_interface/advanced_user_interface/msg
-- Installing: /home/ram-user/pong_ws/install/advanced_user_interface/include/advanced_user_interface/advanced_user_interface/msg/detail
-- Installing: /home/ram-user/pong_ws/install/advanced_user_interface/include/advanced_user_interface/advanced_user_interface/msg/detail/point2__functions.c
-- Installing: /home/ram-user/pong_ws/install/advanced_user_interface/include/advanced_user_interface/advanced_user_interface/msg/detail/point2__struct.h
-- Installing: /home/ram-user/pong_ws/install/advanced_user_interface/include/advanced_user_interface/advanced_user_interface/msg/detail/point2__functions.h
-- Installing: /home/ram-user/pong_ws/install/advanced_user_interface/include/advanced_user_interface/advanced_user_interface/msg/detail/point2__type_support.h
-- Installing: /home/ram-user/pong_ws/install/advanced_user_interface/include/advanced_user_interface/advanced_user_interface/msg/rosidl_generator_c__visibility_control.h
-- Installing: /home/ram-user/pong_ws/install/advanced_user_interface/include/advanced_user_interface/advanced_user_interface/msg/point2.h
-- Installing: /home/ram-user/pong_ws/install/advanced_user_interface/share/advanced_user_interface/environment/library_path.sh
-- Installing: /home/ram-user/pong_ws/install/advanced_user_interface/share/advanced_user_interface/environment/library_path.dsv
-- Installing: /home/ram-user/pong_ws/install/advanced_user_interface/lib/libadvanced_user_interface__rosidl_generator_c.so
-- Set runtime path of "/home/ram-user/pong_ws/install/advanced_user_interface/lib/libadvanced_user_interface__rosidl_generator_c.so" to ""
-- Up-to-date: /home/ram-user/pong_ws/install/advanced_user_interface/include/advanced_user_interface/advanced_user_interface
-- Up-to-date: /home/ram-user/pong_ws/install/advanced_user_interface/include/advanced_user_interface/advanced_user_interface/msg
-- Installing: /home/ram-user/pong_ws/install/advanced_user_interface/include/advanced_user_interface/advanced_user_interface/msg/rosidl_typesupport_fastrtps_c__visibility_control.h
-- Up-to-date: /home/ram-user/pong_ws/install/advanced_user_interface/include/advanced_user_interface/advanced_user_interface/msg/detail
-- Installing: /home/ram-user/pong_ws/install/advanced_user_interface/include/advanced_user_interface/advanced_user_interface/msg/detail/point2__rosidl_typesupport_fastrtps_c.h
-- Installing: /home/ram-user/pong_ws/install/advanced_user_interface/lib/libadvanced_user_interface__rosidl_typesupport_fastrtps_c.so
-- Set runtime path of "/home/ram-user/pong_ws/install/advanced_user_interface/lib/libadvanced_user_interface__rosidl_typesupport_fastrtps_c.so" to ""
-- Up-to-date: /home/ram-user/pong_ws/install/advanced_user_interface/include/advanced_user_interface/advanced_user_interface
-- Up-to-date: /home/ram-user/pong_ws/install/advanced_user_interface/include/advanced_user_interface/advanced_user_interface/msg
-- Installing: /home/ram-user/pong_ws/install/advanced_user_interface/include/advanced_user_interface/advanced_user_interface/msg/point2.hpp
-- Up-to-date: /home/ram-user/pong_ws/install/advanced_user_interface/include/advanced_user_interface/advanced_user_interface/msg/detail
-- Installing: /home/ram-user/pong_ws/install/advanced_user_interface/include/advanced_user_interface/advanced_user_interface/msg/detail/point2__traits.hpp
-- Installing: /home/ram-user/pong_ws/install/advanced_user_interface/include/advanced_user_interface/advanced_user_interface/msg/detail/point2__builder.hpp
-- Installing: /home/ram-user/pong_ws/install/advanced_user_interface/include/advanced_user_interface/advanced_user_interface/msg/detail/point2__struct.hpp
-- Up-to-date: /home/ram-user/pong_ws/install/advanced_user_interface/include/advanced_user_interface/advanced_user_interface
-- Up-to-date: /home/ram-user/pong_ws/install/advanced_user_interface/include/advanced_user_interface/advanced_user_interface/msg
-- Up-to-date: /home/ram-user/pong_ws/install/advanced_user_interface/include/advanced_user_interface/advanced_user_interface/msg/detail
-- Installing: /home/ram-user/pong_ws/install/advanced_user_interface/include/advanced_user_interface/advanced_user_interface/msg/detail/point2__rosidl_typesupport_fastrtps_cpp.hpp
-- Installing: /home/ram-user/pong_ws/install/advanced_user_interface/include/advanced_user_interface/advanced_user_interface/msg/detail/dds_fastrtps
-- Installing: /home/ram-user/pong_ws/install/advanced_user_interface/include/advanced_user_interface/advanced_user_interface/msg/rosidl_typesupport_fastrtps_cpp__visibility_control.h
-- Installing: /home/ram-user/pong_ws/install/advanced_user_interface/lib/libadvanced_user_interface__rosidl_typesupport_fastrtps_cpp.so
-- Set runtime path of "/home/ram-user/pong_ws/install/advanced_user_interface/lib/libadvanced_user_interface__rosidl_typesupport_fastrtps_cpp.so" to ""
-- Up-to-date: /home/ram-user/pong_ws/install/advanced_user_interface/include/advanced_user_interface/advanced_user_interface
-- Up-to-date: /home/ram-user/pong_ws/install/advanced_user_interface/include/advanced_user_interface/advanced_user_interface/msg
-- Installing: /home/ram-user/pong_ws/install/advanced_user_interface/include/advanced_user_interface/advanced_user_interface/msg/rosidl_typesupport_introspection_c__visibility_control.h
-- Up-to-date: /home/ram-user/pong_ws/install/advanced_user_interface/include/advanced_user_interface/advanced_user_interface/msg/detail
-- Installing: /home/ram-user/pong_ws/install/advanced_user_interface/include/advanced_user_interface/advanced_user_interface/msg/detail/point2__rosidl_typesupport_introspection_c.h
-- Installing: /home/ram-user/pong_ws/install/advanced_user_interface/include/advanced_user_interface/advanced_user_interface/msg/detail/point2__type_support.c
-- Installing: /home/ram-user/pong_ws/install/advanced_user_interface/lib/libadvanced_user_interface__rosidl_typesupport_introspection_c.so
-- Set runtime path of "/home/ram-user/pong_ws/install/advanced_user_interface/lib/libadvanced_user_interface__rosidl_typesupport_introspection_c.so" to ""
-- Installing: /home/ram-user/pong_ws/install/advanced_user_interface/lib/libadvanced_user_interface__rosidl_typesupport_c.so
-- Set runtime path of "/home/ram-user/pong_ws/install/advanced_user_interface/lib/libadvanced_user_interface__rosidl_typesupport_c.so" to ""
-- Up-to-date: /home/ram-user/pong_ws/install/advanced_user_interface/include/advanced_user_interface/advanced_user_interface
-- Up-to-date: /home/ram-user/pong_ws/install/advanced_user_interface/include/advanced_user_interface/advanced_user_interface/msg
-- Up-to-date: /home/ram-user/pong_ws/install/advanced_user_interface/include/advanced_user_interface/advanced_user_interface/msg/detail
-- Installing: /home/ram-user/pong_ws/install/advanced_user_interface/include/advanced_user_interface/advanced_user_interface/msg/detail/point2__rosidl_typesupport_introspection_cpp.hpp
-- Installing: /home/ram-user/pong_ws/install/advanced_user_interface/include/advanced_user_interface/advanced_user_interface/msg/detail/point2__type_support.cpp
-- Installing: /home/ram-user/pong_ws/install/advanced_user_interface/lib/libadvanced_user_interface__rosidl_typesupport_introspection_cpp.so
-- Set runtime path of "/home/ram-user/pong_ws/install/advanced_user_interface/lib/libadvanced_user_interface__rosidl_typesupport_introspection_cpp.so" to ""
-- Installing: /home/ram-user/pong_ws/install/advanced_user_interface/lib/libadvanced_user_interface__rosidl_typesupport_cpp.so
-- Set runtime path of "/home/ram-user/pong_ws/install/advanced_user_interface/lib/libadvanced_user_interface__rosidl_typesupport_cpp.so" to ""
-- Installing: /home/ram-user/pong_ws/install/advanced_user_interface/share/advanced_user_interface/environment/pythonpath.sh
-- Installing: /home/ram-user/pong_ws/install/advanced_user_interface/share/advanced_user_interface/environment/pythonpath.dsv
-- Installing: /home/ram-user/pong_ws/install/advanced_user_interface/local/lib/python3.10/dist-packages/advanced_user_interface-0.0.1-py3.10.egg-info
-- Installing: /home/ram-user/pong_ws/install/advanced_user_interface/local/lib/python3.10/dist-packages/advanced_user_interface-0.0.1-py3.10.egg-info/dependency_links.txt
-- Installing: /home/ram-user/pong_ws/install/advanced_user_interface/local/lib/python3.10/dist-packages/advanced_user_interface-0.0.1-py3.10.egg-info/top_level.txt
-- Installing: /home/ram-user/pong_ws/install/advanced_user_interface/local/lib/python3.10/dist-packages/advanced_user_interface-0.0.1-py3.10.egg-info/PKG-INFO
-- Installing: /home/ram-user/pong_ws/install/advanced_user_interface/local/lib/python3.10/dist-packages/advanced_user_interface-0.0.1-py3.10.egg-info/SOURCES.txt
-- Installing: /home/ram-user/pong_ws/install/advanced_user_interface/local/lib/python3.10/dist-packages/advanced_user_interface
-- Installing: /home/ram-user/pong_ws/install/advanced_user_interface/local/lib/python3.10/dist-packages/advanced_user_interface/__init__.py
-- Installing: /home/ram-user/pong_ws/install/advanced_user_interface/local/lib/python3.10/dist-packages/advanced_user_interface/_advanced_user_interface_s.ep.rosidl_typesupport_introspection_c.c
-- Installing: /home/ram-user/pong_ws/install/advanced_user_interface/local/lib/python3.10/dist-packages/advanced_user_interface/libadvanced_user_interface__rosidl_generator_py.so
-- Installing: /home/ram-user/pong_ws/install/advanced_user_interface/local/lib/python3.10/dist-packages/advanced_user_interface/advanced_user_interface_s__rosidl_typesupport_introspection_c.cpython-310-x86_64-linux-gnu.so
-- Installing: /home/ram-user/pong_ws/install/advanced_user_interface/local/lib/python3.10/dist-packages/advanced_user_interface/_advanced_user_interface_s.ep.rosidl_typesupport_fastrtps_c.c
-- Installing: /home/ram-user/pong_ws/install/advanced_user_interface/local/lib/python3.10/dist-packages/advanced_user_interface/advanced_user_interface_s__rosidl_typesupport_fastrtps_c.cpython-310-x86_64-linux-gnu.so
-- Installing: /home/ram-user/pong_ws/install/advanced_user_interface/local/lib/python3.10/dist-packages/advanced_user_interface/msg
-- Installing: /home/ram-user/pong_ws/install/advanced_user_interface/local/lib/python3.10/dist-packages/advanced_user_interface/msg/__init__.py
-- Installing: /home/ram-user/pong_ws/install/advanced_user_interface/local/lib/python3.10/dist-packages/advanced_user_interface/msg/_point2.py
-- Installing: /home/ram-user/pong_ws/install/advanced_user_interface/local/lib/python3.10/dist-packages/advanced_user_interface/msg/_point2_s.c
-- Installing: /home/ram-user/pong_ws/install/advanced_user_interface/local/lib/python3.10/dist-packages/advanced_user_interface/_advanced_user_interface_s.ep.rosidl_typesupport_c.c
-- Installing: /home/ram-user/pong_ws/install/advanced_user_interface/local/lib/python3.10/dist-packages/advanced_user_interface/advanced_user_interface_s__rosidl_typesupport_c.cpython-310-x86_64-linux-gnu.so
Listing '/home/ram-user/pong_ws/install/advanced_user_interface/local/lib/python3.10/dist-packages/advanced_user_interface'...
Compiling '/home/ram-user/pong_ws/install/advanced_user_interface/local/lib/python3.10/dist-packages/advanced_user_interface/__init__.py'...
Listing '/home/ram-user/pong_ws/install/advanced_user_interface/local/lib/python3.10/dist-packages/advanced_user_interface/msg'...
Compiling '/home/ram-user/pong_ws/install/advanced_user_interface/local/lib/python3.10/dist-packages/advanced_user_interface/msg/__init__.py'...
Compiling '/home/ram-user/pong_ws/install/advanced_user_interface/local/lib/python3.10/dist-packages/advanced_user_interface/msg/_point2.py'...
-- Installing: /home/ram-user/pong_ws/install/advanced_user_interface/local/lib/python3.10/dist-packages/advanced_user_interface/advanced_user_interface_s__rosidl_typesupport_fastrtps_c.cpython-310-x86_64-linux-gnu.so
-- Set runtime path of "/home/ram-user/pong_ws/install/advanced_user_interface/local/lib/python3.10/dist-packages/advanced_user_interface/advanced_user_interface_s__rosidl_typesupport_fastrtps_c.cpython-310-x86_64-linux-gnu.so" to ""
-- Installing: /home/ram-user/pong_ws/install/advanced_user_interface/local/lib/python3.10/dist-packages/advanced_user_interface/advanced_user_interface_s__rosidl_typesupport_introspection_c.cpython-310-x86_64-linux-gnu.so
-- Set runtime path of "/home/ram-user/pong_ws/install/advanced_user_interface/local/lib/python3.10/dist-packages/advanced_user_interface/advanced_user_interface_s__rosidl_typesupport_introspection_c.cpython-310-x86_64-linux-gnu.so" to ""
-- Installing: /home/ram-user/pong_ws/install/advanced_user_interface/local/lib/python3.10/dist-packages/advanced_user_interface/advanced_user_interface_s__rosidl_typesupport_c.cpython-310-x86_64-linux-gnu.so
-- Set runtime path of "/home/ram-user/pong_ws/install/advanced_user_interface/local/lib/python3.10/dist-packages/advanced_user_interface/advanced_user_interface_s__rosidl_typesupport_c.cpython-310-x86_64-linux-gnu.so" to ""
-- Installing: /home/ram-user/pong_ws/install/advanced_user_interface/lib/libadvanced_user_interface__rosidl_generator_py.so
-- Set runtime path of "/home/ram-user/pong_ws/install/advanced_user_interface/lib/libadvanced_user_interface__rosidl_generator_py.so" to ""
-- Installing: /home/ram-user/pong_ws/install/advanced_user_interface/share/advanced_user_interface/msg/Point2.idl
-- Installing: /home/ram-user/pong_ws/install/advanced_user_interface/share/advanced_user_interface/msg/Point2.msg
-- Installing: /home/ram-user/pong_ws/install/advanced_user_interface/lib/advanced_user_interface/light_position_detection
-- Set runtime path of "/home/ram-user/pong_ws/install/advanced_user_interface/lib/advanced_user_interface/light_position_detection" to ""
-- Installing: /home/ram-user/pong_ws/install/advanced_user_interface/share/ament_index/resource_index/package_run_dependencies/advanced_user_interface
-- Installing: /home/ram-user/pong_ws/install/advanced_user_interface/share/ament_index/resource_index/parent_prefix_path/advanced_user_interface
-- Installing: /home/ram-user/pong_ws/install/advanced_user_interface/share/advanced_user_interface/environment/ament_prefix_path.sh
-- Installing: /home/ram-user/pong_ws/install/advanced_user_interface/share/advanced_user_interface/environment/ament_prefix_path.dsv
-- Installing: /home/ram-user/pong_ws/install/advanced_user_interface/share/advanced_user_interface/environment/path.sh
-- Installing: /home/ram-user/pong_ws/install/advanced_user_interface/share/advanced_user_interface/environment/path.dsv
-- Installing: /home/ram-user/pong_ws/install/advanced_user_interface/share/advanced_user_interface/local_setup.bash
-- Installing: /home/ram-user/pong_ws/install/advanced_user_interface/share/advanced_user_interface/local_setup.sh
-- Installing: /home/ram-user/pong_ws/install/advanced_user_interface/share/advanced_user_interface/local_setup.zsh
-- Installing: /home/ram-user/pong_ws/install/advanced_user_interface/share/advanced_user_interface/local_setup.dsv
-- Installing: /home/ram-user/pong_ws/install/advanced_user_interface/share/advanced_user_interface/package.dsv
-- Installing: /home/ram-user/pong_ws/install/advanced_user_interface/share/ament_index/resource_index/packages/advanced_user_interface
-- Installing: /home/ram-user/pong_ws/install/advanced_user_interface/share/advanced_user_interface/cmake/export_advanced_user_interface__rosidl_generator_cExport.cmake
-- Installing: /home/ram-user/pong_ws/install/advanced_user_interface/share/advanced_user_interface/cmake/export_advanced_user_interface__rosidl_generator_cExport-noconfig.cmake
-- Installing: /home/ram-user/pong_ws/install/advanced_user_interface/share/advanced_user_interface/cmake/export_advanced_user_interface__rosidl_typesupport_fastrtps_cExport.cmake
-- Installing: /home/ram-user/pong_ws/install/advanced_user_interface/share/advanced_user_interface/cmake/export_advanced_user_interface__rosidl_typesupport_fastrtps_cExport-noconfig.cmake
-- Installing: /home/ram-user/pong_ws/install/advanced_user_interface/share/advanced_user_interface/cmake/export_advanced_user_interface__rosidl_generator_cppExport.cmake
-- Installing: /home/ram-user/pong_ws/install/advanced_user_interface/share/advanced_user_interface/cmake/export_advanced_user_interface__rosidl_typesupport_fastrtps_cppExport.cmake
-- Installing: /home/ram-user/pong_ws/install/advanced_user_interface/share/advanced_user_interface/cmake/export_advanced_user_interface__rosidl_typesupport_fastrtps_cppExport-noconfig.cmake
-- Installing: /home/ram-user/pong_ws/install/advanced_user_interface/share/advanced_user_interface/cmake/advanced_user_interface__rosidl_typesupport_introspection_cExport.cmake
-- Installing: /home/ram-user/pong_ws/install/advanced_user_interface/share/advanced_user_interface/cmake/advanced_user_interface__rosidl_typesupport_introspection_cExport-noconfig.cmake
-- Installing: /home/ram-user/pong_ws/install/advanced_user_interface/share/advanced_user_interface/cmake/advanced_user_interface__rosidl_typesupport_cExport.cmake
-- Installing: /home/ram-user/pong_ws/install/advanced_user_interface/share/advanced_user_interface/cmake/advanced_user_interface__rosidl_typesupport_cExport-noconfig.cmake
-- Installing: /home/ram-user/pong_ws/install/advanced_user_interface/share/advanced_user_interface/cmake/advanced_user_interface__rosidl_typesupport_introspection_cppExport.cmake
-- Installing: /home/ram-user/pong_ws/install/advanced_user_interface/share/advanced_user_interface/cmake/advanced_user_interface__rosidl_typesupport_introspection_cppExport-noconfig.cmake
-- Installing: /home/ram-user/pong_ws/install/advanced_user_interface/share/advanced_user_interface/cmake/advanced_user_interface__rosidl_typesupport_cppExport.cmake
-- Installing: /home/ram-user/pong_ws/install/advanced_user_interface/share/advanced_user_interface/cmake/advanced_user_interface__rosidl_typesupport_cppExport-noconfig.cmake
-- Installing: /home/ram-user/pong_ws/install/advanced_user_interface/share/advanced_user_interface/cmake/export_advanced_user_interface__rosidl_generator_pyExport.cmake
-- Installing: /home/ram-user/pong_ws/install/advanced_user_interface/share/advanced_user_interface/cmake/export_advanced_user_interface__rosidl_generator_pyExport-noconfig.cmake
-- Installing: /home/ram-user/pong_ws/install/advanced_user_interface/share/advanced_user_interface/cmake/ament_cmake_export_dependencies-extras.cmake
-- Installing: /home/ram-user/pong_ws/install/advanced_user_interface/share/advanced_user_interface/cmake/rosidl_cmake-extras.cmake
-- Installing: /home/ram-user/pong_ws/install/advanced_user_interface/share/advanced_user_interface/cmake/ament_cmake_export_include_directories-extras.cmake
-- Installing: /home/ram-user/pong_ws/install/advanced_user_interface/share/advanced_user_interface/cmake/ament_cmake_export_libraries-extras.cmake
-- Installing: /home/ram-user/pong_ws/install/advanced_user_interface/share/advanced_user_interface/cmake/ament_cmake_export_targets-extras.cmake
-- Installing: /home/ram-user/pong_ws/install/advanced_user_interface/share/advanced_user_interface/cmake/rosidl_cmake_export_typesupport_targets-extras.cmake
-- Installing: /home/ram-user/pong_ws/install/advanced_user_interface/share/advanced_user_interface/cmake/rosidl_cmake_export_typesupport_libraries-extras.cmake
-- Installing: /home/ram-user/pong_ws/install/advanced_user_interface/share/advanced_user_interface/cmake/advanced_user_interfaceConfig.cmake
-- Installing: /home/ram-user/pong_ws/install/advanced_user_interface/share/advanced_user_interface/cmake/advanced_user_interfaceConfig-version.cmake
-- Installing: /home/ram-user/pong_ws/install/advanced_user_interface/share/advanced_user_interface/package.xml
