[0.031s] Invoking command in '/home/ram-user/pong_ws/build/advanced_user_interface': CMAKE_PREFIX_PATH=/opt/ros/humble /usr/bin/cmake /home/ram-user/pong_ws/src/advanced_user_interface -DCMAKE_INSTALL_PREFIX=/home/ram-user/pong_ws/install/advanced_user_interface
[0.336s] -- The C compiler identification is GNU 11.3.0
[0.538s] -- The CXX compiler identification is GNU 11.3.0
[0.565s] -- Detecting C compiler ABI info
[0.777s] -- Detecting C compiler ABI info - done
[0.798s] -- Check for working C compiler: /usr/bin/cc - skipped
[0.805s] -- Detecting C compile features
[0.810s] -- Detecting C compile features - done
[0.822s] -- Detecting CXX compiler ABI info
[0.997s] -- Detecting CXX compiler ABI info - done
[1.017s] -- Check for working CXX compiler: /usr/bin/c++ - skipped
[1.017s] -- Detecting CXX compile features
[1.018s] -- Detecting CXX compile features - done
[1.052s] -- Found ament_cmake: 1.3.3 (/opt/ros/humble/share/ament_cmake/cmake)
[1.528s] -- Found Python3: /usr/bin/python3.10 (found version "3.10.6") found components: Interpreter 
[1.789s] -- Found rclcpp: 16.0.3 (/opt/ros/humble/share/rclcpp/cmake)
[1.956s] -- Found rosidl_generator_c: 3.1.4 (/opt/ros/humble/share/rosidl_generator_c/cmake)
[1.990s] -- Found rosidl_adapter: 3.1.4 (/opt/ros/humble/share/rosidl_adapter/cmake)
[2.028s] -- Found rosidl_generator_cpp: 3.1.4 (/opt/ros/humble/share/rosidl_generator_cpp/cmake)
[2.093s] -- Using all available rosidl_typesupport_c: rosidl_typesupport_fastrtps_c;rosidl_typesupport_introspection_c
[2.161s] -- Using all available rosidl_typesupport_cpp: rosidl_typesupport_fastrtps_cpp;rosidl_typesupport_introspection_cpp
[2.406s] -- Found rmw_implementation_cmake: 6.1.1 (/opt/ros/humble/share/rmw_implementation_cmake/cmake)
[2.419s] -- Found rmw_fastrtps_cpp: 6.2.2 (/opt/ros/humble/share/rmw_fastrtps_cpp/cmake)
[2.761s] -- Found OpenSSL: /usr/lib/x86_64-linux-gnu/libcrypto.so (found version "3.0.2")  
[2.833s] -- Found FastRTPS: /opt/ros/humble/include  
[2.964s] -- Using RMW implementation 'rmw_fastrtps_cpp' as default
[3.010s] -- Looking for pthread.h
[3.235s] -- Looking for pthread.h - found
[3.236s] -- Performing Test CMAKE_HAVE_LIBC_PTHREAD
[3.457s] -- Performing Test CMAKE_HAVE_LIBC_PTHREAD - Success
[3.458s] -- Found Threads: TRUE  
[4.041s] -- Found rclcpp_components: 16.0.3 (/opt/ros/humble/share/rclcpp_components/cmake)
[4.266s] -- Found sensor_msgs: 4.2.3 (/opt/ros/humble/share/sensor_msgs/cmake)
[4.734s] -- Found OpenCV: /usr (found version "4.5.4") 
[4.740s] -- Found cv_bridge: 3.2.1 (/opt/ros/humble/share/cv_bridge/cmake)
[4.770s] -- Found image_transport: 3.1.5 (/opt/ros/humble/share/image_transport/cmake)
[4.883s] -- Found rosidl_default_generators: 1.2.0 (/opt/ros/humble/share/rosidl_default_generators/cmake)
[5.501s] -- Found ament_cmake_ros: 0.10.0 (/opt/ros/humble/share/ament_cmake_ros/cmake)
[6.290s] -- Using all available rosidl_typesupport_c: rosidl_typesupport_fastrtps_c;rosidl_typesupport_introspection_c
[6.593s] -- Using all available rosidl_typesupport_cpp: rosidl_typesupport_fastrtps_cpp;rosidl_typesupport_introspection_cpp
[6.639s] -- Found PythonInterp: /usr/bin/python3 (found suitable version "3.10.6", minimum required is "3.6") 
[6.642s] -- Found python_cmake_module: 0.10.0 (/opt/ros/humble/share/python_cmake_module/cmake)
[6.730s] -- Found PythonLibs: /usr/lib/x86_64-linux-gnu/libpython3.10.so (found suitable version "3.10.6", minimum required is "3.5") 
[6.730s] -- Using PYTHON_EXECUTABLE: /usr/bin/python3
[6.731s] -- Using PYTHON_INCLUDE_DIRS: /usr/include/python3.10
[6.731s] -- Using PYTHON_LIBRARIES: /usr/lib/x86_64-linux-gnu/libpython3.10.so
[6.775s] -- Found PythonExtra: .so  
[6.911s] -- Found ament_lint_auto: 0.12.5 (/opt/ros/humble/share/ament_lint_auto/cmake)
[6.986s] -- Added test 'cppcheck' to perform static code analysis on C / C++ code
[6.989s] -- Configured cppcheck include dirs: /home/ram-user/pong_ws/src/advanced_user_interface/include;$<BUILD_INTERFACE:/home/ram-user/pong_ws/src/advanced_user_interface/include>
[6.989s] -- Configured cppcheck exclude dirs and/or files: 
[6.992s] -- Added test 'flake8' to check Python code syntax and style conventions
[6.998s] -- Added test 'lint_cmake' to check CMake code style
[7.000s] -- Added test 'pep257' to check Python code against some of the docstring style conventions in PEP 257
[7.003s] -- Added test 'uncrustify' to check C / C++ code style
[7.003s] -- Configured uncrustify additional arguments: 
[7.008s] -- Added test 'xmllint' to check XML markup files
[7.015s] -- Configuring done
[7.164s] -- Generating done
[7.171s] -- Build files have been written to: /home/ram-user/pong_ws/build/advanced_user_interface
[7.224s] Invoked command in '/home/ram-user/pong_ws/build/advanced_user_interface' returned '0': CMAKE_PREFIX_PATH=/opt/ros/humble /usr/bin/cmake /home/ram-user/pong_ws/src/advanced_user_interface -DCMAKE_INSTALL_PREFIX=/home/ram-user/pong_ws/install/advanced_user_interface
[7.225s] Invoking command in '/home/ram-user/pong_ws/build/advanced_user_interface': CMAKE_PREFIX_PATH=/opt/ros/humble /usr/bin/cmake --build /home/ram-user/pong_ws/build/advanced_user_interface -- -j2 -l2
[7.317s] [  2%] [34m[1mGenerating C++ code for ROS interfaces[0m
[7.331s] [  5%] [34m[1mGenerating C code for ROS interfaces[0m
[8.509s] [  5%] Built target advanced_user_interface__cpp
[8.561s] [  5%] Built target ament_cmake_python_copy_advanced_user_interface
[8.591s] [  8%] [34m[1mGenerating C++ type support dispatch for ROS interfaces[0m
[8.842s] [ 11%] [32mBuilding C object CMakeFiles/advanced_user_interface__rosidl_generator_c.dir/rosidl_generator_c/advanced_user_interface/msg/detail/point2__functions.c.o[0m
[9.053s] [ 14%] [32m[1mLinking C shared library libadvanced_user_interface__rosidl_generator_c.so[0m
[9.212s] [ 14%] Built target advanced_user_interface__rosidl_generator_c
[9.269s] [ 17%] [34m[1mGenerating C++ type support for eProsima Fast-RTPS[0m
[9.613s] [ 20%] [32mBuilding CXX object CMakeFiles/advanced_user_interface__rosidl_typesupport_cpp.dir/rosidl_typesupport_cpp/advanced_user_interface/msg/point2__type_support.cpp.o[0m
[10.736s] [ 23%] [32mBuilding CXX object CMakeFiles/advanced_user_interface__rosidl_typesupport_fastrtps_cpp.dir/rosidl_typesupport_fastrtps_cpp/advanced_user_interface/msg/detail/dds_fastrtps/point2__type_support.cpp.o[0m
[10.841s] [ 26%] [32m[1mLinking CXX shared library libadvanced_user_interface__rosidl_typesupport_cpp.so[0m
[10.997s] [ 26%] Built target advanced_user_interface__rosidl_typesupport_cpp
[11.750s] [ 29%] [32m[1mLinking CXX shared library libadvanced_user_interface__rosidl_typesupport_fastrtps_cpp.so[0m
[11.908s] [ 29%] Built target advanced_user_interface__rosidl_typesupport_fastrtps_cpp
[11.926s] [ 32%] [34m[1mGenerating C introspection for ROS interfaces[0m
[12.567s] [ 35%] [32mBuilding C object CMakeFiles/advanced_user_interface__rosidl_typesupport_introspection_c.dir/rosidl_typesupport_introspection_c/advanced_user_interface/msg/detail/point2__type_support.c.o[0m
[12.638s] [ 38%] [32m[1mLinking C shared library libadvanced_user_interface__rosidl_typesupport_introspection_c.so[0m
[12.690s] [ 38%] Built target advanced_user_interface__rosidl_typesupport_introspection_c
[12.712s] [ 41%] [34m[1mGenerating C type support dispatch for ROS interfaces[0m
[13.323s] [ 44%] [32mBuilding CXX object CMakeFiles/advanced_user_interface__rosidl_typesupport_c.dir/rosidl_typesupport_c/advanced_user_interface/msg/point2__type_support.cpp.o[0m
[13.391s] [ 47%] [32m[1mLinking CXX shared library libadvanced_user_interface__rosidl_typesupport_c.so[0m
[13.461s] [ 47%] Built target advanced_user_interface__rosidl_typesupport_c
[13.477s] [ 50%] [34m[1mGenerating C++ introspection for ROS interfaces[0m
[14.082s] [ 52%] [32mBuilding CXX object CMakeFiles/advanced_user_interface__rosidl_typesupport_introspection_cpp.dir/rosidl_typesupport_introspection_cpp/advanced_user_interface/msg/detail/point2__type_support.cpp.o[0m
[15.007s] [ 55%] [32m[1mLinking CXX shared library libadvanced_user_interface__rosidl_typesupport_introspection_cpp.so[0m
[15.092s] [ 55%] Built target advanced_user_interface__rosidl_typesupport_introspection_cpp
[15.817s] running egg_info
[15.817s] creating advanced_user_interface.egg-info
[15.818s] writing advanced_user_interface.egg-info/PKG-INFO
[15.818s] writing dependency_links to advanced_user_interface.egg-info/dependency_links.txt
[15.818s] writing top-level names to advanced_user_interface.egg-info/top_level.txt
[15.818s] writing manifest file 'advanced_user_interface.egg-info/SOURCES.txt'
[15.825s] reading manifest file 'advanced_user_interface.egg-info/SOURCES.txt'
[15.826s] writing manifest file 'advanced_user_interface.egg-info/SOURCES.txt'
[15.893s] [ 55%] Built target ament_cmake_python_build_advanced_user_interface_egg
[15.966s] [ 58%] [32mBuilding CXX object CMakeFiles/light_position_detection.dir/src/light_position_detection_node.cpp.o[0m
[23.655s] [ 61%] [32mBuilding CXX object CMakeFiles/light_position_detection.dir/src/light_position_detection.cpp.o[0m
[42.169s] [ 64%] [32m[1mLinking CXX executable light_position_detection[0m
[44.619s] [ 64%] Built target light_position_detection
[44.641s] [ 67%] [34m[1mGenerating C type support for eProsima Fast-RTPS[0m
[45.357s] [ 70%] [32mBuilding CXX object CMakeFiles/advanced_user_interface__rosidl_typesupport_fastrtps_c.dir/rosidl_typesupport_fastrtps_c/advanced_user_interface/msg/detail/point2__type_support_c.cpp.o[0m
[46.123s] [ 73%] [32m[1mLinking CXX shared library libadvanced_user_interface__rosidl_typesupport_fastrtps_c.so[0m
[46.336s] [ 73%] Built target advanced_user_interface__rosidl_typesupport_fastrtps_c
[46.425s] [ 73%] Built target advanced_user_interface
[46.481s] [ 76%] [34m[1mGenerating Python code for ROS interfaces[0m
[47.445s] [ 76%] Built target advanced_user_interface__py
[47.489s] [ 79%] [32mBuilding C object CMakeFiles/advanced_user_interface__rosidl_generator_py.dir/rosidl_generator_py/advanced_user_interface/msg/_point2_s.c.o[0m
[47.791s] [ 82%] [32m[1mLinking C shared library rosidl_generator_py/advanced_user_interface/libadvanced_user_interface__rosidl_generator_py.so[0m
[47.897s] [ 82%] Built target advanced_user_interface__rosidl_generator_py
[47.932s] [ 85%] [32mBuilding C object CMakeFiles/advanced_user_interface__rosidl_typesupport_fastrtps_c__pyext.dir/rosidl_generator_py/advanced_user_interface/_advanced_user_interface_s.ep.rosidl_typesupport_fastrtps_c.c.o[0m
[48.128s] [ 88%] [32m[1mLinking C shared library rosidl_generator_py/advanced_user_interface/advanced_user_interface_s__rosidl_typesupport_fastrtps_c.cpython-310-x86_64-linux-gnu.so[0m
[48.195s] [ 88%] Built target advanced_user_interface__rosidl_typesupport_fastrtps_c__pyext
[48.229s] [ 91%] [32mBuilding C object CMakeFiles/advanced_user_interface__rosidl_typesupport_introspection_c__pyext.dir/rosidl_generator_py/advanced_user_interface/_advanced_user_interface_s.ep.rosidl_typesupport_introspection_c.c.o[0m
[48.397s] [ 94%] [32m[1mLinking C shared library rosidl_generator_py/advanced_user_interface/advanced_user_interface_s__rosidl_typesupport_introspection_c.cpython-310-x86_64-linux-gnu.so[0m
[48.459s] [ 94%] Built target advanced_user_interface__rosidl_typesupport_introspection_c__pyext
[48.503s] [ 97%] [32mBuilding C object CMakeFiles/advanced_user_interface__rosidl_typesupport_c__pyext.dir/rosidl_generator_py/advanced_user_interface/_advanced_user_interface_s.ep.rosidl_typesupport_c.c.o[0m
[48.680s] [100%] [32m[1mLinking C shared library rosidl_generator_py/advanced_user_interface/advanced_user_interface_s__rosidl_typesupport_c.cpython-310-x86_64-linux-gnu.so[0m
[48.744s] [100%] Built target advanced_user_interface__rosidl_typesupport_c__pyext
[48.766s] Invoked command in '/home/ram-user/pong_ws/build/advanced_user_interface' returned '0': CMAKE_PREFIX_PATH=/opt/ros/humble /usr/bin/cmake --build /home/ram-user/pong_ws/build/advanced_user_interface -- -j2 -l2
[48.917s] Invoking command in '/home/ram-user/pong_ws/build/advanced_user_interface': CMAKE_PREFIX_PATH=/opt/ros/humble /usr/bin/cmake --install /home/ram-user/pong_ws/build/advanced_user_interface
[48.943s] -- Install configuration: ""
[48.945s] -- Installing: /home/ram-user/pong_ws/install/advanced_user_interface/share/ament_index/resource_index/rosidl_interfaces/advanced_user_interface
[48.947s] -- Installing: /home/ram-user/pong_ws/install/advanced_user_interface/include/advanced_user_interface/advanced_user_interface
[48.948s] -- Installing: /home/ram-user/pong_ws/install/advanced_user_interface/include/advanced_user_interface/advanced_user_interface/msg
[48.949s] -- Installing: /home/ram-user/pong_ws/install/advanced_user_interface/include/advanced_user_interface/advanced_user_interface/msg/detail
[48.949s] -- Installing: /home/ram-user/pong_ws/install/advanced_user_interface/include/advanced_user_interface/advanced_user_interface/msg/detail/point2__functions.c
[48.950s] -- Installing: /home/ram-user/pong_ws/install/advanced_user_interface/include/advanced_user_interface/advanced_user_interface/msg/detail/point2__struct.h
[48.953s] -- Installing: /home/ram-user/pong_ws/install/advanced_user_interface/include/advanced_user_interface/advanced_user_interface/msg/detail/point2__functions.h
[48.955s] -- Installing: /home/ram-user/pong_ws/install/advanced_user_interface/include/advanced_user_interface/advanced_user_interface/msg/detail/point2__type_support.h
[48.956s] -- Installing: /home/ram-user/pong_ws/install/advanced_user_interface/include/advanced_user_interface/advanced_user_interface/msg/rosidl_generator_c__visibility_control.h
[48.957s] -- Installing: /home/ram-user/pong_ws/install/advanced_user_interface/include/advanced_user_interface/advanced_user_interface/msg/point2.h
[48.958s] -- Installing: /home/ram-user/pong_ws/install/advanced_user_interface/share/advanced_user_interface/environment/library_path.sh
[48.958s] -- Installing: /home/ram-user/pong_ws/install/advanced_user_interface/share/advanced_user_interface/environment/library_path.dsv
[48.959s] -- Installing: /home/ram-user/pong_ws/install/advanced_user_interface/lib/libadvanced_user_interface__rosidl_generator_c.so
[48.960s] -- Set runtime path of "/home/ram-user/pong_ws/install/advanced_user_interface/lib/libadvanced_user_interface__rosidl_generator_c.so" to ""
[48.961s] -- Up-to-date: /home/ram-user/pong_ws/install/advanced_user_interface/include/advanced_user_interface/advanced_user_interface
[48.962s] -- Up-to-date: /home/ram-user/pong_ws/install/advanced_user_interface/include/advanced_user_interface/advanced_user_interface/msg
[48.963s] -- Installing: /home/ram-user/pong_ws/install/advanced_user_interface/include/advanced_user_interface/advanced_user_interface/msg/rosidl_typesupport_fastrtps_c__visibility_control.h
[48.963s] -- Up-to-date: /home/ram-user/pong_ws/install/advanced_user_interface/include/advanced_user_interface/advanced_user_interface/msg/detail
[48.964s] -- Installing: /home/ram-user/pong_ws/install/advanced_user_interface/include/advanced_user_interface/advanced_user_interface/msg/detail/point2__rosidl_typesupport_fastrtps_c.h
[48.969s] -- Installing: /home/ram-user/pong_ws/install/advanced_user_interface/lib/libadvanced_user_interface__rosidl_typesupport_fastrtps_c.so
[48.973s] -- Set runtime path of "/home/ram-user/pong_ws/install/advanced_user_interface/lib/libadvanced_user_interface__rosidl_typesupport_fastrtps_c.so" to ""
[48.973s] -- Up-to-date: /home/ram-user/pong_ws/install/advanced_user_interface/include/advanced_user_interface/advanced_user_interface
[48.974s] -- Up-to-date: /home/ram-user/pong_ws/install/advanced_user_interface/include/advanced_user_interface/advanced_user_interface/msg
[48.977s] -- Installing: /home/ram-user/pong_ws/install/advanced_user_interface/include/advanced_user_interface/advanced_user_interface/msg/point2.hpp
[48.977s] -- Up-to-date: /home/ram-user/pong_ws/install/advanced_user_interface/include/advanced_user_interface/advanced_user_interface/msg/detail
[48.978s] -- Installing: /home/ram-user/pong_ws/install/advanced_user_interface/include/advanced_user_interface/advanced_user_interface/msg/detail/point2__traits.hpp
[48.978s] -- Installing: /home/ram-user/pong_ws/install/advanced_user_interface/include/advanced_user_interface/advanced_user_interface/msg/detail/point2__builder.hpp
[48.979s] -- Installing: /home/ram-user/pong_ws/install/advanced_user_interface/include/advanced_user_interface/advanced_user_interface/msg/detail/point2__struct.hpp
[48.979s] -- Up-to-date: /home/ram-user/pong_ws/install/advanced_user_interface/include/advanced_user_interface/advanced_user_interface
[48.980s] -- Up-to-date: /home/ram-user/pong_ws/install/advanced_user_interface/include/advanced_user_interface/advanced_user_interface/msg
[48.980s] -- Up-to-date: /home/ram-user/pong_ws/install/advanced_user_interface/include/advanced_user_interface/advanced_user_interface/msg/detail
[48.980s] -- Installing: /home/ram-user/pong_ws/install/advanced_user_interface/include/advanced_user_interface/advanced_user_interface/msg/detail/point2__rosidl_typesupport_fastrtps_cpp.hpp
[48.981s] -- Installing: /home/ram-user/pong_ws/install/advanced_user_interface/include/advanced_user_interface/advanced_user_interface/msg/detail/dds_fastrtps
[48.981s] -- Installing: /home/ram-user/pong_ws/install/advanced_user_interface/include/advanced_user_interface/advanced_user_interface/msg/rosidl_typesupport_fastrtps_cpp__visibility_control.h
[48.982s] -- Installing: /home/ram-user/pong_ws/install/advanced_user_interface/lib/libadvanced_user_interface__rosidl_typesupport_fastrtps_cpp.so
[48.983s] -- Set runtime path of "/home/ram-user/pong_ws/install/advanced_user_interface/lib/libadvanced_user_interface__rosidl_typesupport_fastrtps_cpp.so" to ""
[48.984s] -- Up-to-date: /home/ram-user/pong_ws/install/advanced_user_interface/include/advanced_user_interface/advanced_user_interface
[48.984s] -- Up-to-date: /home/ram-user/pong_ws/install/advanced_user_interface/include/advanced_user_interface/advanced_user_interface/msg
[48.984s] -- Installing: /home/ram-user/pong_ws/install/advanced_user_interface/include/advanced_user_interface/advanced_user_interface/msg/rosidl_typesupport_introspection_c__visibility_control.h
[48.985s] -- Up-to-date: /home/ram-user/pong_ws/install/advanced_user_interface/include/advanced_user_interface/advanced_user_interface/msg/detail
[48.986s] -- Installing: /home/ram-user/pong_ws/install/advanced_user_interface/include/advanced_user_interface/advanced_user_interface/msg/detail/point2__rosidl_typesupport_introspection_c.h
[48.987s] -- Installing: /home/ram-user/pong_ws/install/advanced_user_interface/include/advanced_user_interface/advanced_user_interface/msg/detail/point2__type_support.c
[48.989s] -- Installing: /home/ram-user/pong_ws/install/advanced_user_interface/lib/libadvanced_user_interface__rosidl_typesupport_introspection_c.so
[48.990s] -- Set runtime path of "/home/ram-user/pong_ws/install/advanced_user_interface/lib/libadvanced_user_interface__rosidl_typesupport_introspection_c.so" to ""
[48.990s] -- Installing: /home/ram-user/pong_ws/install/advanced_user_interface/lib/libadvanced_user_interface__rosidl_typesupport_c.so
[48.991s] -- Set runtime path of "/home/ram-user/pong_ws/install/advanced_user_interface/lib/libadvanced_user_interface__rosidl_typesupport_c.so" to ""
[48.992s] -- Up-to-date: /home/ram-user/pong_ws/install/advanced_user_interface/include/advanced_user_interface/advanced_user_interface
[48.992s] -- Up-to-date: /home/ram-user/pong_ws/install/advanced_user_interface/include/advanced_user_interface/advanced_user_interface/msg
[48.993s] -- Up-to-date: /home/ram-user/pong_ws/install/advanced_user_interface/include/advanced_user_interface/advanced_user_interface/msg/detail
[48.993s] -- Installing: /home/ram-user/pong_ws/install/advanced_user_interface/include/advanced_user_interface/advanced_user_interface/msg/detail/point2__rosidl_typesupport_introspection_cpp.hpp
[48.995s] -- Installing: /home/ram-user/pong_ws/install/advanced_user_interface/include/advanced_user_interface/advanced_user_interface/msg/detail/point2__type_support.cpp
[48.995s] -- Installing: /home/ram-user/pong_ws/install/advanced_user_interface/lib/libadvanced_user_interface__rosidl_typesupport_introspection_cpp.so
[48.996s] -- Set runtime path of "/home/ram-user/pong_ws/install/advanced_user_interface/lib/libadvanced_user_interface__rosidl_typesupport_introspection_cpp.so" to ""
[48.997s] -- Installing: /home/ram-user/pong_ws/install/advanced_user_interface/lib/libadvanced_user_interface__rosidl_typesupport_cpp.so
[49.004s] -- Set runtime path of "/home/ram-user/pong_ws/install/advanced_user_interface/lib/libadvanced_user_interface__rosidl_typesupport_cpp.so" to ""
[49.004s] -- Installing: /home/ram-user/pong_ws/install/advanced_user_interface/share/advanced_user_interface/environment/pythonpath.sh
[49.007s] -- Installing: /home/ram-user/pong_ws/install/advanced_user_interface/share/advanced_user_interface/environment/pythonpath.dsv
[49.007s] -- Installing: /home/ram-user/pong_ws/install/advanced_user_interface/local/lib/python3.10/dist-packages/advanced_user_interface-0.0.1-py3.10.egg-info
[49.008s] -- Installing: /home/ram-user/pong_ws/install/advanced_user_interface/local/lib/python3.10/dist-packages/advanced_user_interface-0.0.1-py3.10.egg-info/dependency_links.txt
[49.020s] -- Installing: /home/ram-user/pong_ws/install/advanced_user_interface/local/lib/python3.10/dist-packages/advanced_user_interface-0.0.1-py3.10.egg-info/top_level.txt
[49.020s] -- Installing: /home/ram-user/pong_ws/install/advanced_user_interface/local/lib/python3.10/dist-packages/advanced_user_interface-0.0.1-py3.10.egg-info/PKG-INFO
[49.020s] -- Installing: /home/ram-user/pong_ws/install/advanced_user_interface/local/lib/python3.10/dist-packages/advanced_user_interface-0.0.1-py3.10.egg-info/SOURCES.txt
[49.020s] -- Installing: /home/ram-user/pong_ws/install/advanced_user_interface/local/lib/python3.10/dist-packages/advanced_user_interface
[49.021s] -- Installing: /home/ram-user/pong_ws/install/advanced_user_interface/local/lib/python3.10/dist-packages/advanced_user_interface/__init__.py
[49.023s] -- Installing: /home/ram-user/pong_ws/install/advanced_user_interface/local/lib/python3.10/dist-packages/advanced_user_interface/_advanced_user_interface_s.ep.rosidl_typesupport_introspection_c.c
[49.023s] -- Installing: /home/ram-user/pong_ws/install/advanced_user_interface/local/lib/python3.10/dist-packages/advanced_user_interface/libadvanced_user_interface__rosidl_generator_py.so
[49.023s] -- Installing: /home/ram-user/pong_ws/install/advanced_user_interface/local/lib/python3.10/dist-packages/advanced_user_interface/advanced_user_interface_s__rosidl_typesupport_introspection_c.cpython-310-x86_64-linux-gnu.so
[49.024s] -- Installing: /home/ram-user/pong_ws/install/advanced_user_interface/local/lib/python3.10/dist-packages/advanced_user_interface/_advanced_user_interface_s.ep.rosidl_typesupport_fastrtps_c.c
[49.024s] -- Installing: /home/ram-user/pong_ws/install/advanced_user_interface/local/lib/python3.10/dist-packages/advanced_user_interface/advanced_user_interface_s__rosidl_typesupport_fastrtps_c.cpython-310-x86_64-linux-gnu.so
[49.024s] -- Installing: /home/ram-user/pong_ws/install/advanced_user_interface/local/lib/python3.10/dist-packages/advanced_user_interface/msg
[49.024s] -- Installing: /home/ram-user/pong_ws/install/advanced_user_interface/local/lib/python3.10/dist-packages/advanced_user_interface/msg/__init__.py
[49.033s] -- Installing: /home/ram-user/pong_ws/install/advanced_user_interface/local/lib/python3.10/dist-packages/advanced_user_interface/msg/_point2.py
[49.033s] -- Installing: /home/ram-user/pong_ws/install/advanced_user_interface/local/lib/python3.10/dist-packages/advanced_user_interface/msg/_point2_s.c
[49.033s] -- Installing: /home/ram-user/pong_ws/install/advanced_user_interface/local/lib/python3.10/dist-packages/advanced_user_interface/_advanced_user_interface_s.ep.rosidl_typesupport_c.c
[49.033s] -- Installing: /home/ram-user/pong_ws/install/advanced_user_interface/local/lib/python3.10/dist-packages/advanced_user_interface/advanced_user_interface_s__rosidl_typesupport_c.cpython-310-x86_64-linux-gnu.so
[49.119s] Listing '/home/ram-user/pong_ws/install/advanced_user_interface/local/lib/python3.10/dist-packages/advanced_user_interface'...
[49.119s] Compiling '/home/ram-user/pong_ws/install/advanced_user_interface/local/lib/python3.10/dist-packages/advanced_user_interface/__init__.py'...
[49.120s] Listing '/home/ram-user/pong_ws/install/advanced_user_interface/local/lib/python3.10/dist-packages/advanced_user_interface/msg'...
[49.120s] Compiling '/home/ram-user/pong_ws/install/advanced_user_interface/local/lib/python3.10/dist-packages/advanced_user_interface/msg/__init__.py'...
[49.120s] Compiling '/home/ram-user/pong_ws/install/advanced_user_interface/local/lib/python3.10/dist-packages/advanced_user_interface/msg/_point2.py'...
[49.138s] -- Installing: /home/ram-user/pong_ws/install/advanced_user_interface/local/lib/python3.10/dist-packages/advanced_user_interface/advanced_user_interface_s__rosidl_typesupport_fastrtps_c.cpython-310-x86_64-linux-gnu.so
[49.139s] -- Set runtime path of "/home/ram-user/pong_ws/install/advanced_user_interface/local/lib/python3.10/dist-packages/advanced_user_interface/advanced_user_interface_s__rosidl_typesupport_fastrtps_c.cpython-310-x86_64-linux-gnu.so" to ""
[49.139s] -- Installing: /home/ram-user/pong_ws/install/advanced_user_interface/local/lib/python3.10/dist-packages/advanced_user_interface/advanced_user_interface_s__rosidl_typesupport_introspection_c.cpython-310-x86_64-linux-gnu.so
[49.140s] -- Set runtime path of "/home/ram-user/pong_ws/install/advanced_user_interface/local/lib/python3.10/dist-packages/advanced_user_interface/advanced_user_interface_s__rosidl_typesupport_introspection_c.cpython-310-x86_64-linux-gnu.so" to ""
[49.141s] -- Installing: /home/ram-user/pong_ws/install/advanced_user_interface/local/lib/python3.10/dist-packages/advanced_user_interface/advanced_user_interface_s__rosidl_typesupport_c.cpython-310-x86_64-linux-gnu.so
[49.142s] -- Set runtime path of "/home/ram-user/pong_ws/install/advanced_user_interface/local/lib/python3.10/dist-packages/advanced_user_interface/advanced_user_interface_s__rosidl_typesupport_c.cpython-310-x86_64-linux-gnu.so" to ""
[49.142s] -- Installing: /home/ram-user/pong_ws/install/advanced_user_interface/lib/libadvanced_user_interface__rosidl_generator_py.so
[49.144s] -- Set runtime path of "/home/ram-user/pong_ws/install/advanced_user_interface/lib/libadvanced_user_interface__rosidl_generator_py.so" to ""
[49.145s] -- Installing: /home/ram-user/pong_ws/install/advanced_user_interface/share/advanced_user_interface/msg/Point2.idl
[49.145s] -- Installing: /home/ram-user/pong_ws/install/advanced_user_interface/share/advanced_user_interface/msg/Point2.msg
[49.146s] -- Installing: /home/ram-user/pong_ws/install/advanced_user_interface/lib/advanced_user_interface/light_position_detection
[49.152s] -- Set runtime path of "/home/ram-user/pong_ws/install/advanced_user_interface/lib/advanced_user_interface/light_position_detection" to ""
[49.153s] -- Installing: /home/ram-user/pong_ws/install/advanced_user_interface/share/ament_index/resource_index/package_run_dependencies/advanced_user_interface
[49.153s] -- Installing: /home/ram-user/pong_ws/install/advanced_user_interface/share/ament_index/resource_index/parent_prefix_path/advanced_user_interface
[49.159s] -- Installing: /home/ram-user/pong_ws/install/advanced_user_interface/share/advanced_user_interface/environment/ament_prefix_path.sh
[49.159s] -- Installing: /home/ram-user/pong_ws/install/advanced_user_interface/share/advanced_user_interface/environment/ament_prefix_path.dsv
[49.160s] -- Installing: /home/ram-user/pong_ws/install/advanced_user_interface/share/advanced_user_interface/environment/path.sh
[49.160s] -- Installing: /home/ram-user/pong_ws/install/advanced_user_interface/share/advanced_user_interface/environment/path.dsv
[49.161s] -- Installing: /home/ram-user/pong_ws/install/advanced_user_interface/share/advanced_user_interface/local_setup.bash
[49.161s] -- Installing: /home/ram-user/pong_ws/install/advanced_user_interface/share/advanced_user_interface/local_setup.sh
[49.162s] -- Installing: /home/ram-user/pong_ws/install/advanced_user_interface/share/advanced_user_interface/local_setup.zsh
[49.162s] -- Installing: /home/ram-user/pong_ws/install/advanced_user_interface/share/advanced_user_interface/local_setup.dsv
[49.163s] -- Installing: /home/ram-user/pong_ws/install/advanced_user_interface/share/advanced_user_interface/package.dsv
[49.163s] -- Installing: /home/ram-user/pong_ws/install/advanced_user_interface/share/ament_index/resource_index/packages/advanced_user_interface
[49.164s] -- Installing: /home/ram-user/pong_ws/install/advanced_user_interface/share/advanced_user_interface/cmake/export_advanced_user_interface__rosidl_generator_cExport.cmake
[49.164s] -- Installing: /home/ram-user/pong_ws/install/advanced_user_interface/share/advanced_user_interface/cmake/export_advanced_user_interface__rosidl_generator_cExport-noconfig.cmake
[49.165s] -- Installing: /home/ram-user/pong_ws/install/advanced_user_interface/share/advanced_user_interface/cmake/export_advanced_user_interface__rosidl_typesupport_fastrtps_cExport.cmake
[49.165s] -- Installing: /home/ram-user/pong_ws/install/advanced_user_interface/share/advanced_user_interface/cmake/export_advanced_user_interface__rosidl_typesupport_fastrtps_cExport-noconfig.cmake
[49.166s] -- Installing: /home/ram-user/pong_ws/install/advanced_user_interface/share/advanced_user_interface/cmake/export_advanced_user_interface__rosidl_generator_cppExport.cmake
[49.166s] -- Installing: /home/ram-user/pong_ws/install/advanced_user_interface/share/advanced_user_interface/cmake/export_advanced_user_interface__rosidl_typesupport_fastrtps_cppExport.cmake
[49.171s] -- Installing: /home/ram-user/pong_ws/install/advanced_user_interface/share/advanced_user_interface/cmake/export_advanced_user_interface__rosidl_typesupport_fastrtps_cppExport-noconfig.cmake
[49.171s] -- Installing: /home/ram-user/pong_ws/install/advanced_user_interface/share/advanced_user_interface/cmake/advanced_user_interface__rosidl_typesupport_introspection_cExport.cmake
[49.172s] -- Installing: /home/ram-user/pong_ws/install/advanced_user_interface/share/advanced_user_interface/cmake/advanced_user_interface__rosidl_typesupport_introspection_cExport-noconfig.cmake
[49.172s] -- Installing: /home/ram-user/pong_ws/install/advanced_user_interface/share/advanced_user_interface/cmake/advanced_user_interface__rosidl_typesupport_cExport.cmake
[49.173s] -- Installing: /home/ram-user/pong_ws/install/advanced_user_interface/share/advanced_user_interface/cmake/advanced_user_interface__rosidl_typesupport_cExport-noconfig.cmake
[49.174s] -- Installing: /home/ram-user/pong_ws/install/advanced_user_interface/share/advanced_user_interface/cmake/advanced_user_interface__rosidl_typesupport_introspection_cppExport.cmake
[49.174s] -- Installing: /home/ram-user/pong_ws/install/advanced_user_interface/share/advanced_user_interface/cmake/advanced_user_interface__rosidl_typesupport_introspection_cppExport-noconfig.cmake
[49.175s] -- Installing: /home/ram-user/pong_ws/install/advanced_user_interface/share/advanced_user_interface/cmake/advanced_user_interface__rosidl_typesupport_cppExport.cmake
[49.175s] -- Installing: /home/ram-user/pong_ws/install/advanced_user_interface/share/advanced_user_interface/cmake/advanced_user_interface__rosidl_typesupport_cppExport-noconfig.cmake
[49.176s] -- Installing: /home/ram-user/pong_ws/install/advanced_user_interface/share/advanced_user_interface/cmake/export_advanced_user_interface__rosidl_generator_pyExport.cmake
[49.176s] -- Installing: /home/ram-user/pong_ws/install/advanced_user_interface/share/advanced_user_interface/cmake/export_advanced_user_interface__rosidl_generator_pyExport-noconfig.cmake
[49.177s] -- Installing: /home/ram-user/pong_ws/install/advanced_user_interface/share/advanced_user_interface/cmake/ament_cmake_export_dependencies-extras.cmake
[49.177s] -- Installing: /home/ram-user/pong_ws/install/advanced_user_interface/share/advanced_user_interface/cmake/rosidl_cmake-extras.cmake
[49.178s] -- Installing: /home/ram-user/pong_ws/install/advanced_user_interface/share/advanced_user_interface/cmake/ament_cmake_export_include_directories-extras.cmake
[49.178s] -- Installing: /home/ram-user/pong_ws/install/advanced_user_interface/share/advanced_user_interface/cmake/ament_cmake_export_libraries-extras.cmake
[49.179s] -- Installing: /home/ram-user/pong_ws/install/advanced_user_interface/share/advanced_user_interface/cmake/ament_cmake_export_targets-extras.cmake
[49.179s] -- Installing: /home/ram-user/pong_ws/install/advanced_user_interface/share/advanced_user_interface/cmake/rosidl_cmake_export_typesupport_targets-extras.cmake
[49.180s] -- Installing: /home/ram-user/pong_ws/install/advanced_user_interface/share/advanced_user_interface/cmake/rosidl_cmake_export_typesupport_libraries-extras.cmake
[49.180s] -- Installing: /home/ram-user/pong_ws/install/advanced_user_interface/share/advanced_user_interface/cmake/advanced_user_interfaceConfig.cmake
[49.187s] -- Installing: /home/ram-user/pong_ws/install/advanced_user_interface/share/advanced_user_interface/cmake/advanced_user_interfaceConfig-version.cmake
[49.188s] -- Installing: /home/ram-user/pong_ws/install/advanced_user_interface/share/advanced_user_interface/package.xml
[49.198s] Invoked command in '/home/ram-user/pong_ws/build/advanced_user_interface' returned '0': CMAKE_PREFIX_PATH=/opt/ros/humble /usr/bin/cmake --install /home/ram-user/pong_ws/build/advanced_user_interface
