[0.780s] DEBUG:colcon:Command line arguments: ['/usr/bin/colcon', 'build']
[0.780s] DEBUG:colcon:Parsed command line arguments: Namespace(log_base=None, log_level=None, verb_name='build', build_base='build', install_base='install', merge_install=False, symlink_install=False, test_result_base=None, continue_on_error=False, executor='parallel', parallel_workers=2, event_handlers=None, ignore_user_meta=False, metas=['./colcon.meta'], base_paths=['.'], packages_ignore=None, packages_ignore_regex=None, paths=None, packages_up_to=None, packages_up_to_regex=None, packages_above=None, packages_above_and_dependencies=None, packages_above_depth=None, packages_select_by_dep=None, packages_skip_by_dep=None, packages_skip_up_to=None, packages_select_build_failed=False, packages_skip_build_finished=False, packages_select_test_failures=False, packages_skip_test_passed=False, packages_select=None, packages_skip=None, packages_select_regex=None, packages_skip_regex=None, packages_start=None, packages_end=None, allow_overriding=[], cmake_args=None, cmake_target=None, cmake_target_skip_unavailable=False, cmake_clean_cache=False, cmake_clean_first=False, cmake_force_configure=False, ament_cmake_args=None, catkin_cmake_args=None, catkin_skip_building_tests=False, verb_parser=<colcon_defaults.argument_parser.defaults.DefaultArgumentsDecorator object at 0x7f8c841c4370>, verb_extension=<colcon_core.verb.build.BuildVerb object at 0x7f8c84cab430>, main=<bound method BuildVerb.main of <colcon_core.verb.build.BuildVerb object at 0x7f8c84cab430>>)
[0.849s] Level 1:colcon.colcon_core.package_discovery:discover_packages(colcon_meta) check parameters
[0.850s] Level 1:colcon.colcon_core.package_discovery:discover_packages(recursive) check parameters
[0.850s] Level 1:colcon.colcon_core.package_discovery:discover_packages(ignore) check parameters
[0.851s] Level 1:colcon.colcon_core.package_discovery:discover_packages(path) check parameters
[0.851s] Level 1:colcon.colcon_core.package_discovery:discover_packages(colcon_meta) discover
[0.851s] Level 1:colcon.colcon_core.package_discovery:discover_packages(recursive) discover
[0.852s] INFO:colcon.colcon_core.package_discovery:Crawling recursively for packages in '/home/ram-user/pong_ws'
[0.852s] Level 1:colcon.colcon_core.package_identification:_identify(.) by extensions ['ignore', 'ignore_ament_install']
[0.853s] Level 1:colcon.colcon_core.package_identification:_identify(.) by extension 'ignore'
[0.853s] Level 1:colcon.colcon_core.package_identification:_identify(.) by extension 'ignore_ament_install'
[0.853s] Level 1:colcon.colcon_core.package_identification:_identify(.) by extensions ['colcon_pkg']
[0.853s] Level 1:colcon.colcon_core.package_identification:_identify(.) by extension 'colcon_pkg'
[0.854s] Level 1:colcon.colcon_core.package_identification:_identify(.) by extensions ['colcon_meta']
[0.854s] Level 1:colcon.colcon_core.package_identification:_identify(.) by extension 'colcon_meta'
[0.854s] Level 1:colcon.colcon_core.package_identification:_identify(.) by extensions ['ros']
[0.855s] Level 1:colcon.colcon_core.package_identification:_identify(.) by extension 'ros'
[0.877s] Level 1:colcon.colcon_core.package_identification:_identify(.) by extensions ['cmake', 'python']
[0.877s] Level 1:colcon.colcon_core.package_identification:_identify(.) by extension 'cmake'
[0.877s] Level 1:colcon.colcon_core.package_identification:_identify(.) by extension 'python'
[0.878s] Level 1:colcon.colcon_core.package_identification:_identify(.) by extensions ['python_setup_py']
[0.878s] Level 1:colcon.colcon_core.package_identification:_identify(.) by extension 'python_setup_py'
[0.878s] Level 1:colcon.colcon_core.package_identification:_identify(build) by extensions ['ignore', 'ignore_ament_install']
[0.879s] Level 1:colcon.colcon_core.package_identification:_identify(build) by extension 'ignore'
[0.879s] Level 1:colcon.colcon_core.package_identification:_identify(build) ignored
[0.880s] Level 1:colcon.colcon_core.package_identification:_identify(install) by extensions ['ignore', 'ignore_ament_install']
[0.880s] Level 1:colcon.colcon_core.package_identification:_identify(install) by extension 'ignore'
[0.880s] Level 1:colcon.colcon_core.package_identification:_identify(install) ignored
[0.881s] Level 1:colcon.colcon_core.package_identification:_identify(log) by extensions ['ignore', 'ignore_ament_install']
[0.881s] Level 1:colcon.colcon_core.package_identification:_identify(log) by extension 'ignore'
[0.881s] Level 1:colcon.colcon_core.package_identification:_identify(log) ignored
[0.881s] Level 1:colcon.colcon_core.package_identification:_identify(src) by extensions ['ignore', 'ignore_ament_install']
[0.881s] Level 1:colcon.colcon_core.package_identification:_identify(src) by extension 'ignore'
[0.881s] Level 1:colcon.colcon_core.package_identification:_identify(src) by extension 'ignore_ament_install'
[0.881s] Level 1:colcon.colcon_core.package_identification:_identify(src) by extensions ['colcon_pkg']
[0.881s] Level 1:colcon.colcon_core.package_identification:_identify(src) by extension 'colcon_pkg'
[0.881s] Level 1:colcon.colcon_core.package_identification:_identify(src) by extensions ['colcon_meta']
[0.881s] Level 1:colcon.colcon_core.package_identification:_identify(src) by extension 'colcon_meta'
[0.882s] Level 1:colcon.colcon_core.package_identification:_identify(src) by extensions ['ros']
[0.882s] Level 1:colcon.colcon_core.package_identification:_identify(src) by extension 'ros'
[0.882s] Level 1:colcon.colcon_core.package_identification:_identify(src) by extensions ['cmake', 'python']
[0.882s] Level 1:colcon.colcon_core.package_identification:_identify(src) by extension 'cmake'
[0.882s] Level 1:colcon.colcon_core.package_identification:_identify(src) by extension 'python'
[0.882s] Level 1:colcon.colcon_core.package_identification:_identify(src) by extensions ['python_setup_py']
[0.882s] Level 1:colcon.colcon_core.package_identification:_identify(src) by extension 'python_setup_py'
[0.882s] Level 1:colcon.colcon_core.package_identification:_identify(src/advanced_user_interface) by extensions ['ignore', 'ignore_ament_install']
[0.883s] Level 1:colcon.colcon_core.package_identification:_identify(src/advanced_user_interface) by extension 'ignore'
[0.883s] Level 1:colcon.colcon_core.package_identification:_identify(src/advanced_user_interface) by extension 'ignore_ament_install'
[0.883s] Level 1:colcon.colcon_core.package_identification:_identify(src/advanced_user_interface) by extensions ['colcon_pkg']
[0.884s] Level 1:colcon.colcon_core.package_identification:_identify(src/advanced_user_interface) by extension 'colcon_pkg'
[0.884s] Level 1:colcon.colcon_core.package_identification:_identify(src/advanced_user_interface) by extensions ['colcon_meta']
[0.884s] Level 1:colcon.colcon_core.package_identification:_identify(src/advanced_user_interface) by extension 'colcon_meta'
[0.884s] Level 1:colcon.colcon_core.package_identification:_identify(src/advanced_user_interface) by extensions ['ros']
[0.884s] Level 1:colcon.colcon_core.package_identification:_identify(src/advanced_user_interface) by extension 'ros'
[0.894s] DEBUG:colcon.colcon_core.package_identification:Package 'src/advanced_user_interface' with type 'ros.ament_cmake' and name 'advanced_user_interface'
[0.894s] Level 1:colcon.colcon_core.package_discovery:discover_packages(recursive) using defaults
[0.895s] Level 1:colcon.colcon_core.package_discovery:discover_packages(ignore) discover
[0.895s] Level 1:colcon.colcon_core.package_discovery:discover_packages(ignore) using defaults
[0.895s] Level 1:colcon.colcon_core.package_discovery:discover_packages(path) discover
[0.895s] Level 1:colcon.colcon_core.package_discovery:discover_packages(path) using defaults
[0.970s] Level 1:colcon.colcon_core.package_discovery:discover_packages(prefix_path) check parameters
[0.970s] Level 1:colcon.colcon_core.package_discovery:discover_packages(prefix_path) discover
[0.982s] DEBUG:colcon.colcon_installed_package_information.package_discovery:Found 270 installed packages in /opt/ros/humble
[0.986s] Level 1:colcon.colcon_core.package_discovery:discover_packages(prefix_path) using defaults
[1.238s] Level 5:colcon.colcon_core.verb:set package 'advanced_user_interface' build argument 'cmake_args' from command line to 'None'
[1.238s] Level 5:colcon.colcon_core.verb:set package 'advanced_user_interface' build argument 'cmake_target' from command line to 'None'
[1.238s] Level 5:colcon.colcon_core.verb:set package 'advanced_user_interface' build argument 'cmake_target_skip_unavailable' from command line to 'False'
[1.238s] Level 5:colcon.colcon_core.verb:set package 'advanced_user_interface' build argument 'cmake_clean_cache' from command line to 'False'
[1.238s] Level 5:colcon.colcon_core.verb:set package 'advanced_user_interface' build argument 'cmake_clean_first' from command line to 'False'
[1.238s] Level 5:colcon.colcon_core.verb:set package 'advanced_user_interface' build argument 'cmake_force_configure' from command line to 'False'
[1.238s] Level 5:colcon.colcon_core.verb:set package 'advanced_user_interface' build argument 'ament_cmake_args' from command line to 'None'
[1.238s] Level 5:colcon.colcon_core.verb:set package 'advanced_user_interface' build argument 'catkin_cmake_args' from command line to 'None'
[1.238s] Level 5:colcon.colcon_core.verb:set package 'advanced_user_interface' build argument 'catkin_skip_building_tests' from command line to 'False'
[1.238s] DEBUG:colcon.colcon_core.verb:Building package 'advanced_user_interface' with the following arguments: {'ament_cmake_args': None, 'build_base': '/home/ram-user/pong_ws/build/advanced_user_interface', 'catkin_cmake_args': None, 'catkin_skip_building_tests': False, 'cmake_args': None, 'cmake_clean_cache': False, 'cmake_clean_first': False, 'cmake_force_configure': False, 'cmake_target': None, 'cmake_target_skip_unavailable': False, 'install_base': '/home/ram-user/pong_ws/install/advanced_user_interface', 'merge_install': False, 'path': '/home/ram-user/pong_ws/src/advanced_user_interface', 'symlink_install': False, 'test_result_base': None}
[1.240s] INFO:colcon.colcon_core.executor:Executing jobs using 'parallel' executor
[1.247s] DEBUG:colcon.colcon_parallel_executor.executor.parallel:run_until_complete
[1.247s] INFO:colcon.colcon_ros.task.ament_cmake.build:Building ROS package in '/home/ram-user/pong_ws/src/advanced_user_interface' with build type 'ament_cmake'
[1.247s] INFO:colcon.colcon_cmake.task.cmake.build:Building CMake package in '/home/ram-user/pong_ws/src/advanced_user_interface'
[1.265s] INFO:colcon.colcon_core.plugin_system:Skipping extension 'colcon_core.shell.bat': Not used on non-Windows systems
[1.266s] INFO:colcon.colcon_core.shell:Skip shell extension 'powershell' for command environment: Not usable outside of PowerShell
[1.266s] DEBUG:colcon.colcon_core.shell:Skip shell extension 'dsv' for command environment
[1.282s] DEBUG:colcon.colcon_core.event_handler.log_command:Invoking command in '/home/ram-user/pong_ws/build/advanced_user_interface': CMAKE_PREFIX_PATH=/opt/ros/humble /usr/bin/cmake /home/ram-user/pong_ws/src/advanced_user_interface -DCMAKE_INSTALL_PREFIX=/home/ram-user/pong_ws/install/advanced_user_interface
[8.475s] DEBUG:colcon.colcon_core.event_handler.log_command:Invoked command in '/home/ram-user/pong_ws/build/advanced_user_interface' returned '0': CMAKE_PREFIX_PATH=/opt/ros/humble /usr/bin/cmake /home/ram-user/pong_ws/src/advanced_user_interface -DCMAKE_INSTALL_PREFIX=/home/ram-user/pong_ws/install/advanced_user_interface
[8.476s] DEBUG:colcon.colcon_core.event_handler.log_command:Invoking command in '/home/ram-user/pong_ws/build/advanced_user_interface': CMAKE_PREFIX_PATH=/opt/ros/humble /usr/bin/cmake --build /home/ram-user/pong_ws/build/advanced_user_interface -- -j2 -l2
[50.017s] DEBUG:colcon.colcon_core.event_handler.log_command:Invoked command in '/home/ram-user/pong_ws/build/advanced_user_interface' returned '0': CMAKE_PREFIX_PATH=/opt/ros/humble /usr/bin/cmake --build /home/ram-user/pong_ws/build/advanced_user_interface -- -j2 -l2
[50.168s] DEBUG:colcon.colcon_core.event_handler.log_command:Invoking command in '/home/ram-user/pong_ws/build/advanced_user_interface': CMAKE_PREFIX_PATH=/opt/ros/humble /usr/bin/cmake --install /home/ram-user/pong_ws/build/advanced_user_interface
[50.443s] Level 1:colcon.colcon_core.environment:create_environment_scripts_only(advanced_user_interface)
[50.449s] DEBUG:colcon.colcon_core.event_handler.log_command:Invoked command in '/home/ram-user/pong_ws/build/advanced_user_interface' returned '0': CMAKE_PREFIX_PATH=/opt/ros/humble /usr/bin/cmake --install /home/ram-user/pong_ws/build/advanced_user_interface
[50.470s] Level 1:colcon.colcon_core.environment:checking '/home/ram-user/pong_ws/install/advanced_user_interface' for CMake module files
[50.471s] Level 1:colcon.colcon_core.environment:checking '/home/ram-user/pong_ws/install/advanced_user_interface' for CMake config files
[50.472s] Level 1:colcon.colcon_core.shell:create_environment_hook('advanced_user_interface', 'cmake_prefix_path')
[50.474s] INFO:colcon.colcon_core.shell:Creating environment hook '/home/ram-user/pong_ws/install/advanced_user_interface/share/advanced_user_interface/hook/cmake_prefix_path.ps1'
[50.483s] INFO:colcon.colcon_core.shell:Creating environment descriptor '/home/ram-user/pong_ws/install/advanced_user_interface/share/advanced_user_interface/hook/cmake_prefix_path.dsv'
[50.490s] INFO:colcon.colcon_core.shell:Creating environment hook '/home/ram-user/pong_ws/install/advanced_user_interface/share/advanced_user_interface/hook/cmake_prefix_path.sh'
[50.493s] Level 1:colcon.colcon_core.environment:checking '/home/ram-user/pong_ws/install/advanced_user_interface/lib'
[50.493s] Level 1:colcon.colcon_core.shell:create_environment_hook('advanced_user_interface', 'ld_library_path_lib')
[50.496s] INFO:colcon.colcon_core.shell:Creating environment hook '/home/ram-user/pong_ws/install/advanced_user_interface/share/advanced_user_interface/hook/ld_library_path_lib.ps1'
[50.496s] INFO:colcon.colcon_core.shell:Creating environment descriptor '/home/ram-user/pong_ws/install/advanced_user_interface/share/advanced_user_interface/hook/ld_library_path_lib.dsv'
[50.497s] INFO:colcon.colcon_core.shell:Creating environment hook '/home/ram-user/pong_ws/install/advanced_user_interface/share/advanced_user_interface/hook/ld_library_path_lib.sh'
[50.497s] Level 1:colcon.colcon_core.environment:checking '/home/ram-user/pong_ws/install/advanced_user_interface/bin'
[50.497s] Level 1:colcon.colcon_core.environment:checking '/home/ram-user/pong_ws/install/advanced_user_interface/lib/pkgconfig/advanced_user_interface.pc'
[50.498s] Level 1:colcon.colcon_core.environment:checking '/home/ram-user/pong_ws/install/advanced_user_interface/lib/python3.10/site-packages'
[50.498s] Level 1:colcon.colcon_core.environment:checking '/home/ram-user/pong_ws/install/advanced_user_interface/bin'
[50.501s] INFO:colcon.colcon_core.shell:Creating package script '/home/ram-user/pong_ws/install/advanced_user_interface/share/advanced_user_interface/package.ps1'
[50.504s] INFO:colcon.colcon_core.shell:Creating package descriptor '/home/ram-user/pong_ws/install/advanced_user_interface/share/advanced_user_interface/package.dsv'
[50.505s] INFO:colcon.colcon_core.shell:Creating package script '/home/ram-user/pong_ws/install/advanced_user_interface/share/advanced_user_interface/package.sh'
[50.506s] INFO:colcon.colcon_core.shell:Creating package script '/home/ram-user/pong_ws/install/advanced_user_interface/share/advanced_user_interface/package.bash'
[50.508s] INFO:colcon.colcon_core.shell:Creating package script '/home/ram-user/pong_ws/install/advanced_user_interface/share/advanced_user_interface/package.zsh'
[50.510s] Level 1:colcon.colcon_core.environment:create_file_with_runtime_dependencies(/home/ram-user/pong_ws/install/advanced_user_interface/share/colcon-core/packages/advanced_user_interface)
[50.666s] Level 1:colcon.colcon_core.environment:create_environment_scripts_only(advanced_user_interface)
[50.670s] Level 1:colcon.colcon_core.environment:checking '/home/ram-user/pong_ws/install/advanced_user_interface' for CMake module files
[50.672s] Level 1:colcon.colcon_core.environment:checking '/home/ram-user/pong_ws/install/advanced_user_interface' for CMake config files
[50.672s] Level 1:colcon.colcon_core.shell:create_environment_hook('advanced_user_interface', 'cmake_prefix_path')
[50.681s] INFO:colcon.colcon_core.shell:Creating environment hook '/home/ram-user/pong_ws/install/advanced_user_interface/share/advanced_user_interface/hook/cmake_prefix_path.ps1'
[50.682s] INFO:colcon.colcon_core.shell:Creating environment descriptor '/home/ram-user/pong_ws/install/advanced_user_interface/share/advanced_user_interface/hook/cmake_prefix_path.dsv'
[50.682s] INFO:colcon.colcon_core.shell:Creating environment hook '/home/ram-user/pong_ws/install/advanced_user_interface/share/advanced_user_interface/hook/cmake_prefix_path.sh'
[50.683s] Level 1:colcon.colcon_core.environment:checking '/home/ram-user/pong_ws/install/advanced_user_interface/lib'
[50.683s] Level 1:colcon.colcon_core.shell:create_environment_hook('advanced_user_interface', 'ld_library_path_lib')
[50.687s] INFO:colcon.colcon_core.shell:Creating environment hook '/home/ram-user/pong_ws/install/advanced_user_interface/share/advanced_user_interface/hook/ld_library_path_lib.ps1'
[50.688s] INFO:colcon.colcon_core.shell:Creating environment descriptor '/home/ram-user/pong_ws/install/advanced_user_interface/share/advanced_user_interface/hook/ld_library_path_lib.dsv'
[50.688s] INFO:colcon.colcon_core.shell:Creating environment hook '/home/ram-user/pong_ws/install/advanced_user_interface/share/advanced_user_interface/hook/ld_library_path_lib.sh'
[50.689s] Level 1:colcon.colcon_core.environment:checking '/home/ram-user/pong_ws/install/advanced_user_interface/bin'
[50.689s] Level 1:colcon.colcon_core.environment:checking '/home/ram-user/pong_ws/install/advanced_user_interface/lib/pkgconfig/advanced_user_interface.pc'
[50.690s] Level 1:colcon.colcon_core.environment:checking '/home/ram-user/pong_ws/install/advanced_user_interface/lib/python3.10/site-packages'
[50.690s] Level 1:colcon.colcon_core.environment:checking '/home/ram-user/pong_ws/install/advanced_user_interface/bin'
[50.693s] INFO:colcon.colcon_core.shell:Creating package script '/home/ram-user/pong_ws/install/advanced_user_interface/share/advanced_user_interface/package.ps1'
[50.694s] INFO:colcon.colcon_core.shell:Creating package descriptor '/home/ram-user/pong_ws/install/advanced_user_interface/share/advanced_user_interface/package.dsv'
[50.695s] INFO:colcon.colcon_core.shell:Creating package script '/home/ram-user/pong_ws/install/advanced_user_interface/share/advanced_user_interface/package.sh'
[50.696s] INFO:colcon.colcon_core.shell:Creating package script '/home/ram-user/pong_ws/install/advanced_user_interface/share/advanced_user_interface/package.bash'
[50.697s] INFO:colcon.colcon_core.shell:Creating package script '/home/ram-user/pong_ws/install/advanced_user_interface/share/advanced_user_interface/package.zsh'
[50.697s] Level 1:colcon.colcon_core.environment:create_file_with_runtime_dependencies(/home/ram-user/pong_ws/install/advanced_user_interface/share/colcon-core/packages/advanced_user_interface)
[50.698s] DEBUG:colcon.colcon_parallel_executor.executor.parallel:closing loop
[50.699s] DEBUG:colcon.colcon_parallel_executor.executor.parallel:loop closed
[50.699s] DEBUG:colcon.colcon_parallel_executor.executor.parallel:run_until_complete finished with '0'
[50.699s] DEBUG:colcon.colcon_core.event_reactor:joining thread
[50.718s] INFO:colcon.colcon_core.plugin_system:Skipping extension 'colcon_notification.desktop_notification.terminal_notifier': Not used on non-Darwin systems
[50.718s] INFO:colcon.colcon_core.plugin_system:Skipping extension 'colcon_notification.desktop_notification.win32': Not used on non-Windows systems
[50.719s] INFO:colcon.colcon_notification.desktop_notification:Sending desktop notification using 'notify2'
[50.869s] DEBUG:colcon.colcon_core.event_reactor:joined thread
[50.872s] INFO:colcon.colcon_core.shell:Creating prefix script '/home/ram-user/pong_ws/install/local_setup.ps1'
[50.875s] INFO:colcon.colcon_core.shell:Creating prefix util module '/home/ram-user/pong_ws/install/_local_setup_util_ps1.py'
[50.882s] INFO:colcon.colcon_core.shell:Creating prefix chain script '/home/ram-user/pong_ws/install/setup.ps1'
[50.888s] INFO:colcon.colcon_core.shell:Creating prefix script '/home/ram-user/pong_ws/install/local_setup.sh'
[50.890s] INFO:colcon.colcon_core.shell:Creating prefix util module '/home/ram-user/pong_ws/install/_local_setup_util_sh.py'
[50.891s] INFO:colcon.colcon_core.shell:Creating prefix chain script '/home/ram-user/pong_ws/install/setup.sh'
[50.904s] INFO:colcon.colcon_core.shell:Creating prefix script '/home/ram-user/pong_ws/install/local_setup.bash'
[50.906s] INFO:colcon.colcon_core.shell:Creating prefix chain script '/home/ram-user/pong_ws/install/setup.bash'
[50.910s] INFO:colcon.colcon_core.shell:Creating prefix script '/home/ram-user/pong_ws/install/local_setup.zsh'
[50.914s] INFO:colcon.colcon_core.shell:Creating prefix chain script '/home/ram-user/pong_ws/install/setup.zsh'
