[35m[1mConsolidate compiler generated dependencies of target advanced_user_interface__rosidl_generator_c[0m
[  2%] Built target advanced_user_interface__cpp
[ 11%] Built target advanced_user_interface__rosidl_generator_c
[35m[1mConsolidate compiler generated dependencies of target advanced_user_interface__rosidl_typesupport_cpp[0m
[ 11%] Built target ament_cmake_python_copy_advanced_user_interface
[ 20%] Built target advanced_user_interface__rosidl_typesupport_cpp
[35m[1mConsolidate compiler generated dependencies of target advanced_user_interface__rosidl_typesupport_fastrtps_cpp[0m
[35m[1mConsolidate compiler generated dependencies of target advanced_user_interface__rosidl_typesupport_fastrtps_c[0m
[ 29%] Built target advanced_user_interface__rosidl_typesupport_fastrtps_c
[ 38%] Built target advanced_user_interface__rosidl_typesupport_fastrtps_cpp
[35m[1mConsolidate compiler generated dependencies of target advanced_user_interface__rosidl_typesupport_c[0m
[35m[1mConsolidate compiler generated dependencies of target advanced_user_interface__rosidl_typesupport_introspection_c[0m
[ 47%] Built target advanced_user_interface__rosidl_typesupport_introspection_c
[ 55%] Built target advanced_user_interface__rosidl_typesupport_c
[35m[1mConsolidate compiler generated dependencies of target advanced_user_interface__rosidl_typesupport_introspection_cpp[0m
[ 64%] Built target advanced_user_interface__rosidl_typesupport_introspection_cpp
[35m[1mConsolidate compiler generated dependencies of target light_position_detection[0m
[ 73%] Built target light_position_detection
[ 73%] Built target advanced_user_interface
[ 76%] Built target advanced_user_interface__py
[35m[1mConsolidate compiler generated dependencies of target advanced_user_interface__rosidl_generator_py[0m
[ 82%] Built target advanced_user_interface__rosidl_generator_py
[35m[1mConsolidate compiler generated dependencies of target advanced_user_interface__rosidl_typesupport_fastrtps_c__pyext[0m
[ 88%] Built target advanced_user_interface__rosidl_typesupport_fastrtps_c__pyext
[35m[1mConsolidate compiler generated dependencies of target advanced_user_interface__rosidl_typesupport_introspection_c__pyext[0m
[ 94%] Built target advanced_user_interface__rosidl_typesupport_introspection_c__pyext
[35m[1mConsolidate compiler generated dependencies of target advanced_user_interface__rosidl_typesupport_c__pyext[0m
[100%] Built target advanced_user_interface__rosidl_typesupport_c__pyext
running egg_info
writing advanced_user_interface.egg-info/PKG-INFO
writing dependency_links to advanced_user_interface.egg-info/dependency_links.txt
writing top-level names to advanced_user_interface.egg-info/top_level.txt
reading manifest file 'advanced_user_interface.egg-info/SOURCES.txt'
writing manifest file 'advanced_user_interface.egg-info/SOURCES.txt'
[100%] Built target ament_cmake_python_build_advanced_user_interface_egg
-- Install configuration: ""
-- Up-to-date: /home/ram-user/pong_ws/install/advanced_user_interface/share/ament_index/resource_index/rosidl_interfaces/advanced_user_interface
-- Up-to-date: /home/ram-user/pong_ws/install/advanced_user_interface/include/advanced_user_interface/advanced_user_interface
-- Up-to-date: /home/ram-user/pong_ws/install/advanced_user_interface/include/advanced_user_interface/advanced_user_interface/msg
-- Up-to-date: /home/ram-user/pong_ws/install/advanced_user_interface/include/advanced_user_interface/advanced_user_interface/msg/detail
-- Up-to-date: /home/ram-user/pong_ws/install/advanced_user_interface/include/advanced_user_interface/advanced_user_interface/msg/detail/point2__functions.c
-- Up-to-date: /home/ram-user/pong_ws/install/advanced_user_interface/include/advanced_user_interface/advanced_user_interface/msg/detail/point2__struct.h
-- Up-to-date: /home/ram-user/pong_ws/install/advanced_user_interface/include/advanced_user_interface/advanced_user_interface/msg/detail/point2__functions.h
-- Up-to-date: /home/ram-user/pong_ws/install/advanced_user_interface/include/advanced_user_interface/advanced_user_interface/msg/detail/point2__type_support.h
-- Up-to-date: /home/ram-user/pong_ws/install/advanced_user_interface/include/advanced_user_interface/advanced_user_interface/msg/rosidl_generator_c__visibility_control.h
-- Up-to-date: /home/ram-user/pong_ws/install/advanced_user_interface/include/advanced_user_interface/advanced_user_interface/msg/point2.h
-- Up-to-date: /home/ram-user/pong_ws/install/advanced_user_interface/share/advanced_user_interface/environment/library_path.sh
-- Up-to-date: /home/ram-user/pong_ws/install/advanced_user_interface/share/advanced_user_interface/environment/library_path.dsv
-- Up-to-date: /home/ram-user/pong_ws/install/advanced_user_interface/lib/libadvanced_user_interface__rosidl_generator_c.so
-- Up-to-date: /home/ram-user/pong_ws/install/advanced_user_interface/include/advanced_user_interface/advanced_user_interface
-- Up-to-date: /home/ram-user/pong_ws/install/advanced_user_interface/include/advanced_user_interface/advanced_user_interface/msg
-- Up-to-date: /home/ram-user/pong_ws/install/advanced_user_interface/include/advanced_user_interface/advanced_user_interface/msg/rosidl_typesupport_fastrtps_c__visibility_control.h
-- Up-to-date: /home/ram-user/pong_ws/install/advanced_user_interface/include/advanced_user_interface/advanced_user_interface/msg/detail
-- Up-to-date: /home/ram-user/pong_ws/install/advanced_user_interface/include/advanced_user_interface/advanced_user_interface/msg/detail/point2__rosidl_typesupport_fastrtps_c.h
-- Up-to-date: /home/ram-user/pong_ws/install/advanced_user_interface/lib/libadvanced_user_interface__rosidl_typesupport_fastrtps_c.so
-- Up-to-date: /home/ram-user/pong_ws/install/advanced_user_interface/include/advanced_user_interface/advanced_user_interface
-- Up-to-date: /home/ram-user/pong_ws/install/advanced_user_interface/include/advanced_user_interface/advanced_user_interface/msg
-- Up-to-date: /home/ram-user/pong_ws/install/advanced_user_interface/include/advanced_user_interface/advanced_user_interface/msg/point2.hpp
-- Up-to-date: /home/ram-user/pong_ws/install/advanced_user_interface/include/advanced_user_interface/advanced_user_interface/msg/detail
-- Up-to-date: /home/ram-user/pong_ws/install/advanced_user_interface/include/advanced_user_interface/advanced_user_interface/msg/detail/point2__traits.hpp
-- Up-to-date: /home/ram-user/pong_ws/install/advanced_user_interface/include/advanced_user_interface/advanced_user_interface/msg/detail/point2__builder.hpp
-- Up-to-date: /home/ram-user/pong_ws/install/advanced_user_interface/include/advanced_user_interface/advanced_user_interface/msg/detail/point2__struct.hpp
-- Up-to-date: /home/ram-user/pong_ws/install/advanced_user_interface/include/advanced_user_interface/advanced_user_interface
-- Up-to-date: /home/ram-user/pong_ws/install/advanced_user_interface/include/advanced_user_interface/advanced_user_interface/msg
-- Up-to-date: /home/ram-user/pong_ws/install/advanced_user_interface/include/advanced_user_interface/advanced_user_interface/msg/detail
-- Up-to-date: /home/ram-user/pong_ws/install/advanced_user_interface/include/advanced_user_interface/advanced_user_interface/msg/detail/point2__rosidl_typesupport_fastrtps_cpp.hpp
-- Up-to-date: /home/ram-user/pong_ws/install/advanced_user_interface/include/advanced_user_interface/advanced_user_interface/msg/detail/dds_fastrtps
-- Up-to-date: /home/ram-user/pong_ws/install/advanced_user_interface/include/advanced_user_interface/advanced_user_interface/msg/rosidl_typesupport_fastrtps_cpp__visibility_control.h
-- Up-to-date: /home/ram-user/pong_ws/install/advanced_user_interface/lib/libadvanced_user_interface__rosidl_typesupport_fastrtps_cpp.so
-- Up-to-date: /home/ram-user/pong_ws/install/advanced_user_interface/include/advanced_user_interface/advanced_user_interface
-- Up-to-date: /home/ram-user/pong_ws/install/advanced_user_interface/include/advanced_user_interface/advanced_user_interface/msg
-- Up-to-date: /home/ram-user/pong_ws/install/advanced_user_interface/include/advanced_user_interface/advanced_user_interface/msg/rosidl_typesupport_introspection_c__visibility_control.h
-- Up-to-date: /home/ram-user/pong_ws/install/advanced_user_interface/include/advanced_user_interface/advanced_user_interface/msg/detail
-- Up-to-date: /home/ram-user/pong_ws/install/advanced_user_interface/include/advanced_user_interface/advanced_user_interface/msg/detail/point2__rosidl_typesupport_introspection_c.h
-- Up-to-date: /home/ram-user/pong_ws/install/advanced_user_interface/include/advanced_user_interface/advanced_user_interface/msg/detail/point2__type_support.c
-- Up-to-date: /home/ram-user/pong_ws/install/advanced_user_interface/lib/libadvanced_user_interface__rosidl_typesupport_introspection_c.so
-- Up-to-date: /home/ram-user/pong_ws/install/advanced_user_interface/lib/libadvanced_user_interface__rosidl_typesupport_c.so
-- Up-to-date: /home/ram-user/pong_ws/install/advanced_user_interface/include/advanced_user_interface/advanced_user_interface
-- Up-to-date: /home/ram-user/pong_ws/install/advanced_user_interface/include/advanced_user_interface/advanced_user_interface/msg
-- Up-to-date: /home/ram-user/pong_ws/install/advanced_user_interface/include/advanced_user_interface/advanced_user_interface/msg/detail
-- Up-to-date: /home/ram-user/pong_ws/install/advanced_user_interface/include/advanced_user_interface/advanced_user_interface/msg/detail/point2__rosidl_typesupport_introspection_cpp.hpp
-- Up-to-date: /home/ram-user/pong_ws/install/advanced_user_interface/include/advanced_user_interface/advanced_user_interface/msg/detail/point2__type_support.cpp
-- Up-to-date: /home/ram-user/pong_ws/install/advanced_user_interface/lib/libadvanced_user_interface__rosidl_typesupport_introspection_cpp.so
-- Up-to-date: /home/ram-user/pong_ws/install/advanced_user_interface/lib/libadvanced_user_interface__rosidl_typesupport_cpp.so
-- Up-to-date: /home/ram-user/pong_ws/install/advanced_user_interface/share/advanced_user_interface/environment/pythonpath.sh
-- Up-to-date: /home/ram-user/pong_ws/install/advanced_user_interface/share/advanced_user_interface/environment/pythonpath.dsv
-- Up-to-date: /home/ram-user/pong_ws/install/advanced_user_interface/local/lib/python3.10/dist-packages/advanced_user_interface-0.0.1-py3.10.egg-info
-- Installing: /home/ram-user/pong_ws/install/advanced_user_interface/local/lib/python3.10/dist-packages/advanced_user_interface-0.0.1-py3.10.egg-info/dependency_links.txt
-- Installing: /home/ram-user/pong_ws/install/advanced_user_interface/local/lib/python3.10/dist-packages/advanced_user_interface-0.0.1-py3.10.egg-info/top_level.txt
-- Installing: /home/ram-user/pong_ws/install/advanced_user_interface/local/lib/python3.10/dist-packages/advanced_user_interface-0.0.1-py3.10.egg-info/PKG-INFO
-- Installing: /home/ram-user/pong_ws/install/advanced_user_interface/local/lib/python3.10/dist-packages/advanced_user_interface-0.0.1-py3.10.egg-info/SOURCES.txt
-- Up-to-date: /home/ram-user/pong_ws/install/advanced_user_interface/local/lib/python3.10/dist-packages/advanced_user_interface
-- Up-to-date: /home/ram-user/pong_ws/install/advanced_user_interface/local/lib/python3.10/dist-packages/advanced_user_interface/__init__.py
-- Up-to-date: /home/ram-user/pong_ws/install/advanced_user_interface/local/lib/python3.10/dist-packages/advanced_user_interface/_advanced_user_interface_s.ep.rosidl_typesupport_introspection_c.c
-- Up-to-date: /home/ram-user/pong_ws/install/advanced_user_interface/local/lib/python3.10/dist-packages/advanced_user_interface/libadvanced_user_interface__rosidl_generator_py.so
-- Up-to-date: /home/ram-user/pong_ws/install/advanced_user_interface/local/lib/python3.10/dist-packages/advanced_user_interface/advanced_user_interface_s__rosidl_typesupport_introspection_c.cpython-310-x86_64-linux-gnu.so
-- Up-to-date: /home/ram-user/pong_ws/install/advanced_user_interface/local/lib/python3.10/dist-packages/advanced_user_interface/_advanced_user_interface_s.ep.rosidl_typesupport_fastrtps_c.c
-- Up-to-date: /home/ram-user/pong_ws/install/advanced_user_interface/local/lib/python3.10/dist-packages/advanced_user_interface/advanced_user_interface_s__rosidl_typesupport_fastrtps_c.cpython-310-x86_64-linux-gnu.so
-- Up-to-date: /home/ram-user/pong_ws/install/advanced_user_interface/local/lib/python3.10/dist-packages/advanced_user_interface/msg
-- Up-to-date: /home/ram-user/pong_ws/install/advanced_user_interface/local/lib/python3.10/dist-packages/advanced_user_interface/msg/__init__.py
-- Up-to-date: /home/ram-user/pong_ws/install/advanced_user_interface/local/lib/python3.10/dist-packages/advanced_user_interface/msg/_point2.py
-- Up-to-date: /home/ram-user/pong_ws/install/advanced_user_interface/local/lib/python3.10/dist-packages/advanced_user_interface/msg/_point2_s.c
-- Up-to-date: /home/ram-user/pong_ws/install/advanced_user_interface/local/lib/python3.10/dist-packages/advanced_user_interface/_advanced_user_interface_s.ep.rosidl_typesupport_c.c
-- Up-to-date: /home/ram-user/pong_ws/install/advanced_user_interface/local/lib/python3.10/dist-packages/advanced_user_interface/advanced_user_interface_s__rosidl_typesupport_c.cpython-310-x86_64-linux-gnu.so
Listing '/home/ram-user/pong_ws/install/advanced_user_interface/local/lib/python3.10/dist-packages/advanced_user_interface'...
Listing '/home/ram-user/pong_ws/install/advanced_user_interface/local/lib/python3.10/dist-packages/advanced_user_interface/msg'...
-- Up-to-date: /home/ram-user/pong_ws/install/advanced_user_interface/local/lib/python3.10/dist-packages/advanced_user_interface/advanced_user_interface_s__rosidl_typesupport_fastrtps_c.cpython-310-x86_64-linux-gnu.so
-- Up-to-date: /home/ram-user/pong_ws/install/advanced_user_interface/local/lib/python3.10/dist-packages/advanced_user_interface/advanced_user_interface_s__rosidl_typesupport_introspection_c.cpython-310-x86_64-linux-gnu.so
-- Up-to-date: /home/ram-user/pong_ws/install/advanced_user_interface/local/lib/python3.10/dist-packages/advanced_user_interface/advanced_user_interface_s__rosidl_typesupport_c.cpython-310-x86_64-linux-gnu.so
-- Up-to-date: /home/ram-user/pong_ws/install/advanced_user_interface/lib/libadvanced_user_interface__rosidl_generator_py.so
-- Up-to-date: /home/ram-user/pong_ws/install/advanced_user_interface/share/advanced_user_interface/msg/Point2.idl
-- Up-to-date: /home/ram-user/pong_ws/install/advanced_user_interface/share/advanced_user_interface/msg/Point2.msg
-- Up-to-date: /home/ram-user/pong_ws/install/advanced_user_interface/lib/advanced_user_interface/light_position_detection
-- Up-to-date: /home/ram-user/pong_ws/install/advanced_user_interface/share/ament_index/resource_index/package_run_dependencies/advanced_user_interface
-- Up-to-date: /home/ram-user/pong_ws/install/advanced_user_interface/share/ament_index/resource_index/parent_prefix_path/advanced_user_interface
-- Up-to-date: /home/ram-user/pong_ws/install/advanced_user_interface/share/advanced_user_interface/environment/ament_prefix_path.sh
-- Up-to-date: /home/ram-user/pong_ws/install/advanced_user_interface/share/advanced_user_interface/environment/ament_prefix_path.dsv
-- Up-to-date: /home/ram-user/pong_ws/install/advanced_user_interface/share/advanced_user_interface/environment/path.sh
-- Up-to-date: /home/ram-user/pong_ws/install/advanced_user_interface/share/advanced_user_interface/environment/path.dsv
-- Up-to-date: /home/ram-user/pong_ws/install/advanced_user_interface/share/advanced_user_interface/local_setup.bash
-- Up-to-date: /home/ram-user/pong_ws/install/advanced_user_interface/share/advanced_user_interface/local_setup.sh
-- Up-to-date: /home/ram-user/pong_ws/install/advanced_user_interface/share/advanced_user_interface/local_setup.zsh
-- Up-to-date: /home/ram-user/pong_ws/install/advanced_user_interface/share/advanced_user_interface/local_setup.dsv
-- Installing: /home/ram-user/pong_ws/install/advanced_user_interface/share/advanced_user_interface/package.dsv
-- Up-to-date: /home/ram-user/pong_ws/install/advanced_user_interface/share/ament_index/resource_index/packages/advanced_user_interface
-- Up-to-date: /home/ram-user/pong_ws/install/advanced_user_interface/share/advanced_user_interface/cmake/export_advanced_user_interface__rosidl_generator_cExport.cmake
-- Up-to-date: /home/ram-user/pong_ws/install/advanced_user_interface/share/advanced_user_interface/cmake/export_advanced_user_interface__rosidl_generator_cExport-noconfig.cmake
-- Up-to-date: /home/ram-user/pong_ws/install/advanced_user_interface/share/advanced_user_interface/cmake/export_advanced_user_interface__rosidl_typesupport_fastrtps_cExport.cmake
-- Up-to-date: /home/ram-user/pong_ws/install/advanced_user_interface/share/advanced_user_interface/cmake/export_advanced_user_interface__rosidl_typesupport_fastrtps_cExport-noconfig.cmake
-- Up-to-date: /home/ram-user/pong_ws/install/advanced_user_interface/share/advanced_user_interface/cmake/export_advanced_user_interface__rosidl_generator_cppExport.cmake
-- Up-to-date: /home/ram-user/pong_ws/install/advanced_user_interface/share/advanced_user_interface/cmake/export_advanced_user_interface__rosidl_typesupport_fastrtps_cppExport.cmake
-- Up-to-date: /home/ram-user/pong_ws/install/advanced_user_interface/share/advanced_user_interface/cmake/export_advanced_user_interface__rosidl_typesupport_fastrtps_cppExport-noconfig.cmake
-- Up-to-date: /home/ram-user/pong_ws/install/advanced_user_interface/share/advanced_user_interface/cmake/advanced_user_interface__rosidl_typesupport_introspection_cExport.cmake
-- Up-to-date: /home/ram-user/pong_ws/install/advanced_user_interface/share/advanced_user_interface/cmake/advanced_user_interface__rosidl_typesupport_introspection_cExport-noconfig.cmake
-- Up-to-date: /home/ram-user/pong_ws/install/advanced_user_interface/share/advanced_user_interface/cmake/advanced_user_interface__rosidl_typesupport_cExport.cmake
-- Up-to-date: /home/ram-user/pong_ws/install/advanced_user_interface/share/advanced_user_interface/cmake/advanced_user_interface__rosidl_typesupport_cExport-noconfig.cmake
-- Up-to-date: /home/ram-user/pong_ws/install/advanced_user_interface/share/advanced_user_interface/cmake/advanced_user_interface__rosidl_typesupport_introspection_cppExport.cmake
-- Up-to-date: /home/ram-user/pong_ws/install/advanced_user_interface/share/advanced_user_interface/cmake/advanced_user_interface__rosidl_typesupport_introspection_cppExport-noconfig.cmake
-- Up-to-date: /home/ram-user/pong_ws/install/advanced_user_interface/share/advanced_user_interface/cmake/advanced_user_interface__rosidl_typesupport_cppExport.cmake
-- Up-to-date: /home/ram-user/pong_ws/install/advanced_user_interface/share/advanced_user_interface/cmake/advanced_user_interface__rosidl_typesupport_cppExport-noconfig.cmake
-- Up-to-date: /home/ram-user/pong_ws/install/advanced_user_interface/share/advanced_user_interface/cmake/export_advanced_user_interface__rosidl_generator_pyExport.cmake
-- Up-to-date: /home/ram-user/pong_ws/install/advanced_user_interface/share/advanced_user_interface/cmake/export_advanced_user_interface__rosidl_generator_pyExport-noconfig.cmake
-- Up-to-date: /home/ram-user/pong_ws/install/advanced_user_interface/share/advanced_user_interface/cmake/ament_cmake_export_dependencies-extras.cmake
-- Up-to-date: /home/ram-user/pong_ws/install/advanced_user_interface/share/advanced_user_interface/cmake/rosidl_cmake-extras.cmake
-- Up-to-date: /home/ram-user/pong_ws/install/advanced_user_interface/share/advanced_user_interface/cmake/ament_cmake_export_include_directories-extras.cmake
-- Up-to-date: /home/ram-user/pong_ws/install/advanced_user_interface/share/advanced_user_interface/cmake/ament_cmake_export_libraries-extras.cmake
-- Up-to-date: /home/ram-user/pong_ws/install/advanced_user_interface/share/advanced_user_interface/cmake/ament_cmake_export_targets-extras.cmake
-- Up-to-date: /home/ram-user/pong_ws/install/advanced_user_interface/share/advanced_user_interface/cmake/rosidl_cmake_export_typesupport_targets-extras.cmake
-- Up-to-date: /home/ram-user/pong_ws/install/advanced_user_interface/share/advanced_user_interface/cmake/rosidl_cmake_export_typesupport_libraries-extras.cmake
-- Up-to-date: /home/ram-user/pong_ws/install/advanced_user_interface/share/advanced_user_interface/cmake/advanced_user_interfaceConfig.cmake
-- Up-to-date: /home/ram-user/pong_ws/install/advanced_user_interface/share/advanced_user_interface/cmake/advanced_user_interfaceConfig-version.cmake
-- Up-to-date: /home/ram-user/pong_ws/install/advanced_user_interface/share/advanced_user_interface/package.xml
