[0.918s] DEBUG:colcon:Command line arguments: ['/usr/bin/colcon', 'build']
[0.918s] DEBUG:colcon:Parsed command line arguments: Namespace(log_base=None, log_level=None, verb_name='build', build_base='build', install_base='install', merge_install=False, symlink_install=False, test_result_base=None, continue_on_error=False, executor='parallel', parallel_workers=2, event_handlers=None, ignore_user_meta=False, metas=['./colcon.meta'], base_paths=['.'], packages_ignore=None, packages_ignore_regex=None, paths=None, packages_up_to=None, packages_up_to_regex=None, packages_above=None, packages_above_and_dependencies=None, packages_above_depth=None, packages_select_by_dep=None, packages_skip_by_dep=None, packages_skip_up_to=None, packages_select_build_failed=False, packages_skip_build_finished=False, packages_select_test_failures=False, packages_skip_test_passed=False, packages_select=None, packages_skip=None, packages_select_regex=None, packages_skip_regex=None, packages_start=None, packages_end=None, allow_overriding=[], cmake_args=None, cmake_target=None, cmake_target_skip_unavailable=False, cmake_clean_cache=False, cmake_clean_first=False, cmake_force_configure=False, ament_cmake_args=None, catkin_cmake_args=None, catkin_skip_building_tests=False, verb_parser=<colcon_defaults.argument_parser.defaults.DefaultArgumentsDecorator object at 0x7fca20a20370>, verb_extension=<colcon_core.verb.build.BuildVerb object at 0x7fca215014b0>, main=<bound method BuildVerb.main of <colcon_core.verb.build.BuildVerb object at 0x7fca215014b0>>)
[0.975s] Level 1:colcon.colcon_core.package_discovery:discover_packages(colcon_meta) check parameters
[0.976s] Level 1:colcon.colcon_core.package_discovery:discover_packages(recursive) check parameters
[0.976s] Level 1:colcon.colcon_core.package_discovery:discover_packages(ignore) check parameters
[0.976s] Level 1:colcon.colcon_core.package_discovery:discover_packages(path) check parameters
[0.976s] Level 1:colcon.colcon_core.package_discovery:discover_packages(colcon_meta) discover
[0.976s] Level 1:colcon.colcon_core.package_discovery:discover_packages(recursive) discover
[0.976s] INFO:colcon.colcon_core.package_discovery:Crawling recursively for packages in '/home/ram-user/pong_ws'
[0.976s] Level 1:colcon.colcon_core.package_identification:_identify(.) by extensions ['ignore', 'ignore_ament_install']
[0.976s] Level 1:colcon.colcon_core.package_identification:_identify(.) by extension 'ignore'
[0.977s] Level 1:colcon.colcon_core.package_identification:_identify(.) by extension 'ignore_ament_install'
[0.977s] Level 1:colcon.colcon_core.package_identification:_identify(.) by extensions ['colcon_pkg']
[0.977s] Level 1:colcon.colcon_core.package_identification:_identify(.) by extension 'colcon_pkg'
[0.977s] Level 1:colcon.colcon_core.package_identification:_identify(.) by extensions ['colcon_meta']
[0.977s] Level 1:colcon.colcon_core.package_identification:_identify(.) by extension 'colcon_meta'
[0.977s] Level 1:colcon.colcon_core.package_identification:_identify(.) by extensions ['ros']
[0.977s] Level 1:colcon.colcon_core.package_identification:_identify(.) by extension 'ros'
[1.007s] Level 1:colcon.colcon_core.package_identification:_identify(.) by extensions ['cmake', 'python']
[1.007s] Level 1:colcon.colcon_core.package_identification:_identify(.) by extension 'cmake'
[1.007s] Level 1:colcon.colcon_core.package_identification:_identify(.) by extension 'python'
[1.007s] Level 1:colcon.colcon_core.package_identification:_identify(.) by extensions ['python_setup_py']
[1.007s] Level 1:colcon.colcon_core.package_identification:_identify(.) by extension 'python_setup_py'
[1.008s] Level 1:colcon.colcon_core.package_identification:_identify(build) by extensions ['ignore', 'ignore_ament_install']
[1.008s] Level 1:colcon.colcon_core.package_identification:_identify(build) by extension 'ignore'
[1.008s] Level 1:colcon.colcon_core.package_identification:_identify(build) ignored
[1.008s] Level 1:colcon.colcon_core.package_identification:_identify(install) by extensions ['ignore', 'ignore_ament_install']
[1.008s] Level 1:colcon.colcon_core.package_identification:_identify(install) by extension 'ignore'
[1.008s] Level 1:colcon.colcon_core.package_identification:_identify(install) ignored
[1.008s] Level 1:colcon.colcon_core.package_identification:_identify(log) by extensions ['ignore', 'ignore_ament_install']
[1.009s] Level 1:colcon.colcon_core.package_identification:_identify(log) by extension 'ignore'
[1.009s] Level 1:colcon.colcon_core.package_identification:_identify(log) ignored
[1.009s] Level 1:colcon.colcon_core.package_identification:_identify(src) by extensions ['ignore', 'ignore_ament_install']
[1.009s] Level 1:colcon.colcon_core.package_identification:_identify(src) by extension 'ignore'
[1.009s] Level 1:colcon.colcon_core.package_identification:_identify(src) by extension 'ignore_ament_install'
[1.009s] Level 1:colcon.colcon_core.package_identification:_identify(src) by extensions ['colcon_pkg']
[1.009s] Level 1:colcon.colcon_core.package_identification:_identify(src) by extension 'colcon_pkg'
[1.009s] Level 1:colcon.colcon_core.package_identification:_identify(src) by extensions ['colcon_meta']
[1.009s] Level 1:colcon.colcon_core.package_identification:_identify(src) by extension 'colcon_meta'
[1.009s] Level 1:colcon.colcon_core.package_identification:_identify(src) by extensions ['ros']
[1.009s] Level 1:colcon.colcon_core.package_identification:_identify(src) by extension 'ros'
[1.010s] Level 1:colcon.colcon_core.package_identification:_identify(src) by extensions ['cmake', 'python']
[1.010s] Level 1:colcon.colcon_core.package_identification:_identify(src) by extension 'cmake'
[1.010s] Level 1:colcon.colcon_core.package_identification:_identify(src) by extension 'python'
[1.010s] Level 1:colcon.colcon_core.package_identification:_identify(src) by extensions ['python_setup_py']
[1.010s] Level 1:colcon.colcon_core.package_identification:_identify(src) by extension 'python_setup_py'
[1.010s] Level 1:colcon.colcon_core.package_identification:_identify(src/advanced_user_interface) by extensions ['ignore', 'ignore_ament_install']
[1.010s] Level 1:colcon.colcon_core.package_identification:_identify(src/advanced_user_interface) by extension 'ignore'
[1.010s] Level 1:colcon.colcon_core.package_identification:_identify(src/advanced_user_interface) by extension 'ignore_ament_install'
[1.010s] Level 1:colcon.colcon_core.package_identification:_identify(src/advanced_user_interface) by extensions ['colcon_pkg']
[1.010s] Level 1:colcon.colcon_core.package_identification:_identify(src/advanced_user_interface) by extension 'colcon_pkg'
[1.011s] Level 1:colcon.colcon_core.package_identification:_identify(src/advanced_user_interface) by extensions ['colcon_meta']
[1.011s] Level 1:colcon.colcon_core.package_identification:_identify(src/advanced_user_interface) by extension 'colcon_meta'
[1.011s] Level 1:colcon.colcon_core.package_identification:_identify(src/advanced_user_interface) by extensions ['ros']
[1.011s] Level 1:colcon.colcon_core.package_identification:_identify(src/advanced_user_interface) by extension 'ros'
[1.019s] DEBUG:colcon.colcon_core.package_identification:Package 'src/advanced_user_interface' with type 'ros.ament_cmake' and name 'advanced_user_interface'
[1.020s] Level 1:colcon.colcon_core.package_identification:_identify(src/visualization) by extensions ['ignore', 'ignore_ament_install']
[1.020s] Level 1:colcon.colcon_core.package_identification:_identify(src/visualization) by extension 'ignore'
[1.020s] Level 1:colcon.colcon_core.package_identification:_identify(src/visualization) by extension 'ignore_ament_install'
[1.020s] Level 1:colcon.colcon_core.package_identification:_identify(src/visualization) by extensions ['colcon_pkg']
[1.020s] Level 1:colcon.colcon_core.package_identification:_identify(src/visualization) by extension 'colcon_pkg'
[1.020s] Level 1:colcon.colcon_core.package_identification:_identify(src/visualization) by extensions ['colcon_meta']
[1.020s] Level 1:colcon.colcon_core.package_identification:_identify(src/visualization) by extension 'colcon_meta'
[1.021s] Level 1:colcon.colcon_core.package_identification:_identify(src/visualization) by extensions ['ros']
[1.021s] Level 1:colcon.colcon_core.package_identification:_identify(src/visualization) by extension 'ros'
[1.033s] DEBUG:colcon.colcon_core.package_identification:Package 'src/visualization' with type 'ros.ament_cmake' and name 'visualization_pkg'
[1.033s] Level 1:colcon.colcon_core.package_discovery:discover_packages(recursive) using defaults
[1.033s] Level 1:colcon.colcon_core.package_discovery:discover_packages(ignore) discover
[1.033s] Level 1:colcon.colcon_core.package_discovery:discover_packages(ignore) using defaults
[1.033s] Level 1:colcon.colcon_core.package_discovery:discover_packages(path) discover
[1.033s] Level 1:colcon.colcon_core.package_discovery:discover_packages(path) using defaults
[1.099s] Level 1:colcon.colcon_core.package_discovery:discover_packages(prefix_path) check parameters
[1.100s] Level 1:colcon.colcon_core.package_discovery:discover_packages(prefix_path) discover
[1.108s] DEBUG:colcon.colcon_installed_package_information.package_discovery:Found 1 installed packages in /home/ram-user/pong_ws/install
[1.112s] DEBUG:colcon.colcon_installed_package_information.package_discovery:Found 270 installed packages in /opt/ros/humble
[1.116s] Level 1:colcon.colcon_core.package_discovery:discover_packages(prefix_path) using defaults
[1.250s] Level 5:colcon.colcon_core.verb:set package 'advanced_user_interface' build argument 'cmake_args' from command line to 'None'
[1.250s] Level 5:colcon.colcon_core.verb:set package 'advanced_user_interface' build argument 'cmake_target' from command line to 'None'
[1.250s] Level 5:colcon.colcon_core.verb:set package 'advanced_user_interface' build argument 'cmake_target_skip_unavailable' from command line to 'False'
[1.250s] Level 5:colcon.colcon_core.verb:set package 'advanced_user_interface' build argument 'cmake_clean_cache' from command line to 'False'
[1.250s] Level 5:colcon.colcon_core.verb:set package 'advanced_user_interface' build argument 'cmake_clean_first' from command line to 'False'
[1.250s] Level 5:colcon.colcon_core.verb:set package 'advanced_user_interface' build argument 'cmake_force_configure' from command line to 'False'
[1.250s] Level 5:colcon.colcon_core.verb:set package 'advanced_user_interface' build argument 'ament_cmake_args' from command line to 'None'
[1.250s] Level 5:colcon.colcon_core.verb:set package 'advanced_user_interface' build argument 'catkin_cmake_args' from command line to 'None'
[1.250s] Level 5:colcon.colcon_core.verb:set package 'advanced_user_interface' build argument 'catkin_skip_building_tests' from command line to 'False'
[1.251s] DEBUG:colcon.colcon_core.verb:Building package 'advanced_user_interface' with the following arguments: {'ament_cmake_args': None, 'build_base': '/home/ram-user/pong_ws/build/advanced_user_interface', 'catkin_cmake_args': None, 'catkin_skip_building_tests': False, 'cmake_args': None, 'cmake_clean_cache': False, 'cmake_clean_first': False, 'cmake_force_configure': False, 'cmake_target': None, 'cmake_target_skip_unavailable': False, 'install_base': '/home/ram-user/pong_ws/install/advanced_user_interface', 'merge_install': False, 'path': '/home/ram-user/pong_ws/src/advanced_user_interface', 'symlink_install': False, 'test_result_base': None}
[1.253s] Level 5:colcon.colcon_core.verb:set package 'visualization_pkg' build argument 'cmake_args' from command line to 'None'
[1.253s] Level 5:colcon.colcon_core.verb:set package 'visualization_pkg' build argument 'cmake_target' from command line to 'None'
[1.253s] Level 5:colcon.colcon_core.verb:set package 'visualization_pkg' build argument 'cmake_target_skip_unavailable' from command line to 'False'
[1.253s] Level 5:colcon.colcon_core.verb:set package 'visualization_pkg' build argument 'cmake_clean_cache' from command line to 'False'
[1.253s] Level 5:colcon.colcon_core.verb:set package 'visualization_pkg' build argument 'cmake_clean_first' from command line to 'False'
[1.253s] Level 5:colcon.colcon_core.verb:set package 'visualization_pkg' build argument 'cmake_force_configure' from command line to 'False'
[1.254s] Level 5:colcon.colcon_core.verb:set package 'visualization_pkg' build argument 'ament_cmake_args' from command line to 'None'
[1.254s] Level 5:colcon.colcon_core.verb:set package 'visualization_pkg' build argument 'catkin_cmake_args' from command line to 'None'
[1.254s] Level 5:colcon.colcon_core.verb:set package 'visualization_pkg' build argument 'catkin_skip_building_tests' from command line to 'False'
[1.254s] DEBUG:colcon.colcon_core.verb:Building package 'visualization_pkg' with the following arguments: {'ament_cmake_args': None, 'build_base': '/home/ram-user/pong_ws/build/visualization_pkg', 'catkin_cmake_args': None, 'catkin_skip_building_tests': False, 'cmake_args': None, 'cmake_clean_cache': False, 'cmake_clean_first': False, 'cmake_force_configure': False, 'cmake_target': None, 'cmake_target_skip_unavailable': False, 'install_base': '/home/ram-user/pong_ws/install/visualization_pkg', 'merge_install': False, 'path': '/home/ram-user/pong_ws/src/visualization', 'symlink_install': False, 'test_result_base': None}
[1.256s] INFO:colcon.colcon_core.executor:Executing jobs using 'parallel' executor
[1.262s] DEBUG:colcon.colcon_parallel_executor.executor.parallel:run_until_complete
[1.262s] INFO:colcon.colcon_ros.task.ament_cmake.build:Building ROS package in '/home/ram-user/pong_ws/src/advanced_user_interface' with build type 'ament_cmake'
[1.262s] INFO:colcon.colcon_cmake.task.cmake.build:Building CMake package in '/home/ram-user/pong_ws/src/advanced_user_interface'
[1.285s] INFO:colcon.colcon_core.plugin_system:Skipping extension 'colcon_core.shell.bat': Not used on non-Windows systems
[1.286s] INFO:colcon.colcon_core.shell:Skip shell extension 'powershell' for command environment: Not usable outside of PowerShell
[1.286s] DEBUG:colcon.colcon_core.shell:Skip shell extension 'dsv' for command environment
[1.305s] INFO:colcon.colcon_ros.task.ament_cmake.build:Building ROS package in '/home/ram-user/pong_ws/src/visualization' with build type 'ament_cmake'
[1.305s] INFO:colcon.colcon_cmake.task.cmake.build:Building CMake package in '/home/ram-user/pong_ws/src/visualization'
[1.308s] INFO:colcon.colcon_core.shell:Skip shell extension 'powershell' for command environment: Not usable outside of PowerShell
[1.308s] DEBUG:colcon.colcon_core.shell:Skip shell extension 'dsv' for command environment
[1.338s] DEBUG:colcon.colcon_core.event_handler.log_command:Invoking command in '/home/ram-user/pong_ws/build/advanced_user_interface': CMAKE_PREFIX_PATH=${CMAKE_PREFIX_PATH}:/opt/ros/humble /usr/bin/cmake --build /home/ram-user/pong_ws/build/advanced_user_interface -- -j2 -l2
[1.359s] DEBUG:colcon.colcon_core.event_handler.log_command:Invoking command in '/home/ram-user/pong_ws/build/visualization_pkg': CMAKE_PREFIX_PATH=${CMAKE_PREFIX_PATH}:/opt/ros/humble /usr/bin/cmake /home/ram-user/pong_ws/src/visualization -DCMAKE_INSTALL_PREFIX=/home/ram-user/pong_ws/install/visualization_pkg
[3.730s] DEBUG:colcon.colcon_core.event_handler.log_command:Invoked command in '/home/ram-user/pong_ws/build/advanced_user_interface' returned '0': CMAKE_PREFIX_PATH=${CMAKE_PREFIX_PATH}:/opt/ros/humble /usr/bin/cmake --build /home/ram-user/pong_ws/build/advanced_user_interface -- -j2 -l2
[4.080s] DEBUG:colcon.colcon_core.event_handler.log_command:Invoking command in '/home/ram-user/pong_ws/build/advanced_user_interface': CMAKE_PREFIX_PATH=${CMAKE_PREFIX_PATH}:/opt/ros/humble /usr/bin/cmake --install /home/ram-user/pong_ws/build/advanced_user_interface
[4.350s] Level 1:colcon.colcon_core.environment:create_environment_scripts_only(advanced_user_interface)
[4.354s] DEBUG:colcon.colcon_core.event_handler.log_command:Invoked command in '/home/ram-user/pong_ws/build/advanced_user_interface' returned '0': CMAKE_PREFIX_PATH=${CMAKE_PREFIX_PATH}:/opt/ros/humble /usr/bin/cmake --install /home/ram-user/pong_ws/build/advanced_user_interface
[4.359s] Level 1:colcon.colcon_core.environment:checking '/home/ram-user/pong_ws/install/advanced_user_interface' for CMake module files
[4.368s] Level 1:colcon.colcon_core.environment:checking '/home/ram-user/pong_ws/install/advanced_user_interface' for CMake config files
[4.376s] Level 1:colcon.colcon_core.shell:create_environment_hook('advanced_user_interface', 'cmake_prefix_path')
[4.379s] INFO:colcon.colcon_core.shell:Creating environment hook '/home/ram-user/pong_ws/install/advanced_user_interface/share/advanced_user_interface/hook/cmake_prefix_path.ps1'
[4.380s] INFO:colcon.colcon_core.shell:Creating environment descriptor '/home/ram-user/pong_ws/install/advanced_user_interface/share/advanced_user_interface/hook/cmake_prefix_path.dsv'
[4.381s] INFO:colcon.colcon_core.shell:Creating environment hook '/home/ram-user/pong_ws/install/advanced_user_interface/share/advanced_user_interface/hook/cmake_prefix_path.sh'
[4.383s] Level 1:colcon.colcon_core.environment:checking '/home/ram-user/pong_ws/install/advanced_user_interface/lib'
[4.384s] Level 1:colcon.colcon_core.shell:create_environment_hook('advanced_user_interface', 'ld_library_path_lib')
[4.405s] INFO:colcon.colcon_core.shell:Creating environment hook '/home/ram-user/pong_ws/install/advanced_user_interface/share/advanced_user_interface/hook/ld_library_path_lib.ps1'
[4.411s] INFO:colcon.colcon_core.shell:Creating environment descriptor '/home/ram-user/pong_ws/install/advanced_user_interface/share/advanced_user_interface/hook/ld_library_path_lib.dsv'
[4.412s] INFO:colcon.colcon_core.shell:Creating environment hook '/home/ram-user/pong_ws/install/advanced_user_interface/share/advanced_user_interface/hook/ld_library_path_lib.sh'
[4.421s] Level 1:colcon.colcon_core.environment:checking '/home/ram-user/pong_ws/install/advanced_user_interface/bin'
[4.421s] Level 1:colcon.colcon_core.environment:checking '/home/ram-user/pong_ws/install/advanced_user_interface/lib/pkgconfig/advanced_user_interface.pc'
[4.422s] Level 1:colcon.colcon_core.environment:checking '/home/ram-user/pong_ws/install/advanced_user_interface/lib/python3.10/site-packages'
[4.422s] Level 1:colcon.colcon_core.environment:checking '/home/ram-user/pong_ws/install/advanced_user_interface/bin'
[4.425s] INFO:colcon.colcon_core.shell:Creating package script '/home/ram-user/pong_ws/install/advanced_user_interface/share/advanced_user_interface/package.ps1'
[4.433s] INFO:colcon.colcon_core.shell:Creating package descriptor '/home/ram-user/pong_ws/install/advanced_user_interface/share/advanced_user_interface/package.dsv'
[4.435s] INFO:colcon.colcon_core.shell:Creating package script '/home/ram-user/pong_ws/install/advanced_user_interface/share/advanced_user_interface/package.sh'
[4.449s] INFO:colcon.colcon_core.shell:Creating package script '/home/ram-user/pong_ws/install/advanced_user_interface/share/advanced_user_interface/package.bash'
[4.452s] INFO:colcon.colcon_core.shell:Creating package script '/home/ram-user/pong_ws/install/advanced_user_interface/share/advanced_user_interface/package.zsh'
[4.461s] Level 1:colcon.colcon_core.environment:create_file_with_runtime_dependencies(/home/ram-user/pong_ws/install/advanced_user_interface/share/colcon-core/packages/advanced_user_interface)
[4.885s] Level 1:colcon.colcon_core.environment:create_environment_scripts_only(advanced_user_interface)
[4.891s] Level 1:colcon.colcon_core.environment:checking '/home/ram-user/pong_ws/install/advanced_user_interface' for CMake module files
[4.895s] Level 1:colcon.colcon_core.environment:checking '/home/ram-user/pong_ws/install/advanced_user_interface' for CMake config files
[4.895s] Level 1:colcon.colcon_core.shell:create_environment_hook('advanced_user_interface', 'cmake_prefix_path')
[4.900s] INFO:colcon.colcon_core.shell:Creating environment hook '/home/ram-user/pong_ws/install/advanced_user_interface/share/advanced_user_interface/hook/cmake_prefix_path.ps1'
[4.904s] INFO:colcon.colcon_core.shell:Creating environment descriptor '/home/ram-user/pong_ws/install/advanced_user_interface/share/advanced_user_interface/hook/cmake_prefix_path.dsv'
[4.907s] INFO:colcon.colcon_core.shell:Creating environment hook '/home/ram-user/pong_ws/install/advanced_user_interface/share/advanced_user_interface/hook/cmake_prefix_path.sh'
[4.913s] Level 1:colcon.colcon_core.environment:checking '/home/ram-user/pong_ws/install/advanced_user_interface/lib'
[4.916s] Level 1:colcon.colcon_core.shell:create_environment_hook('advanced_user_interface', 'ld_library_path_lib')
[4.919s] INFO:colcon.colcon_core.shell:Creating environment hook '/home/ram-user/pong_ws/install/advanced_user_interface/share/advanced_user_interface/hook/ld_library_path_lib.ps1'
[4.926s] INFO:colcon.colcon_core.shell:Creating environment descriptor '/home/ram-user/pong_ws/install/advanced_user_interface/share/advanced_user_interface/hook/ld_library_path_lib.dsv'
[4.927s] INFO:colcon.colcon_core.shell:Creating environment hook '/home/ram-user/pong_ws/install/advanced_user_interface/share/advanced_user_interface/hook/ld_library_path_lib.sh'
[4.928s] Level 1:colcon.colcon_core.environment:checking '/home/ram-user/pong_ws/install/advanced_user_interface/bin'
[4.928s] Level 1:colcon.colcon_core.environment:checking '/home/ram-user/pong_ws/install/advanced_user_interface/lib/pkgconfig/advanced_user_interface.pc'
[4.928s] Level 1:colcon.colcon_core.environment:checking '/home/ram-user/pong_ws/install/advanced_user_interface/lib/python3.10/site-packages'
[4.929s] Level 1:colcon.colcon_core.environment:checking '/home/ram-user/pong_ws/install/advanced_user_interface/bin'
[4.932s] INFO:colcon.colcon_core.shell:Creating package script '/home/ram-user/pong_ws/install/advanced_user_interface/share/advanced_user_interface/package.ps1'
[4.933s] INFO:colcon.colcon_core.shell:Creating package descriptor '/home/ram-user/pong_ws/install/advanced_user_interface/share/advanced_user_interface/package.dsv'
[4.937s] INFO:colcon.colcon_core.shell:Creating package script '/home/ram-user/pong_ws/install/advanced_user_interface/share/advanced_user_interface/package.sh'
[4.940s] INFO:colcon.colcon_core.shell:Creating package script '/home/ram-user/pong_ws/install/advanced_user_interface/share/advanced_user_interface/package.bash'
[4.945s] INFO:colcon.colcon_core.shell:Creating package script '/home/ram-user/pong_ws/install/advanced_user_interface/share/advanced_user_interface/package.zsh'
[4.946s] Level 1:colcon.colcon_core.environment:create_file_with_runtime_dependencies(/home/ram-user/pong_ws/install/advanced_user_interface/share/colcon-core/packages/advanced_user_interface)
[6.609s] DEBUG:colcon.colcon_core.event_handler.log_command:Invoked command in '/home/ram-user/pong_ws/build/visualization_pkg' returned '0': CMAKE_PREFIX_PATH=${CMAKE_PREFIX_PATH}:/opt/ros/humble /usr/bin/cmake /home/ram-user/pong_ws/src/visualization -DCMAKE_INSTALL_PREFIX=/home/ram-user/pong_ws/install/visualization_pkg
[6.610s] DEBUG:colcon.colcon_core.event_handler.log_command:Invoking command in '/home/ram-user/pong_ws/build/visualization_pkg': CMAKE_PREFIX_PATH=${CMAKE_PREFIX_PATH}:/opt/ros/humble /usr/bin/cmake --build /home/ram-user/pong_ws/build/visualization_pkg -- -j2 -l2
[7.820s] DEBUG:colcon.colcon_core.event_handler.log_command:Invoked command in '/home/ram-user/pong_ws/build/visualization_pkg' returned '2': CMAKE_PREFIX_PATH=${CMAKE_PREFIX_PATH}:/opt/ros/humble /usr/bin/cmake --build /home/ram-user/pong_ws/build/visualization_pkg -- -j2 -l2
[7.873s] Level 1:colcon.colcon_core.environment:create_environment_scripts_only(visualization_pkg)
[7.877s] Level 1:colcon.colcon_core.environment:checking '/home/ram-user/pong_ws/install/visualization_pkg' for CMake module files
[7.878s] Level 1:colcon.colcon_core.environment:checking '/home/ram-user/pong_ws/install/visualization_pkg' for CMake config files
[7.878s] Level 1:colcon.colcon_core.environment:checking '/home/ram-user/pong_ws/install/visualization_pkg/bin'
[7.879s] Level 1:colcon.colcon_core.environment:checking '/home/ram-user/pong_ws/install/visualization_pkg/lib/pkgconfig/visualization_pkg.pc'
[7.879s] Level 1:colcon.colcon_core.environment:checking '/home/ram-user/pong_ws/install/visualization_pkg/lib/python3.10/site-packages'
[7.879s] Level 1:colcon.colcon_core.environment:checking '/home/ram-user/pong_ws/install/visualization_pkg/bin'
[7.882s] INFO:colcon.colcon_core.shell:Creating package script '/home/ram-user/pong_ws/install/visualization_pkg/share/visualization_pkg/package.ps1'
[7.883s] INFO:colcon.colcon_core.shell:Creating package descriptor '/home/ram-user/pong_ws/install/visualization_pkg/share/visualization_pkg/package.dsv'
[7.884s] INFO:colcon.colcon_core.shell:Creating package script '/home/ram-user/pong_ws/install/visualization_pkg/share/visualization_pkg/package.sh'
[7.885s] INFO:colcon.colcon_core.shell:Creating package script '/home/ram-user/pong_ws/install/visualization_pkg/share/visualization_pkg/package.bash'
[7.886s] INFO:colcon.colcon_core.shell:Creating package script '/home/ram-user/pong_ws/install/visualization_pkg/share/visualization_pkg/package.zsh'
[7.887s] Level 1:colcon.colcon_core.environment:create_file_with_runtime_dependencies(/home/ram-user/pong_ws/install/visualization_pkg/share/colcon-core/packages/visualization_pkg)
[7.893s] DEBUG:colcon.colcon_parallel_executor.executor.parallel:closing loop
[7.894s] DEBUG:colcon.colcon_parallel_executor.executor.parallel:loop closed
[7.894s] DEBUG:colcon.colcon_parallel_executor.executor.parallel:run_until_complete finished with '2'
[7.894s] DEBUG:colcon.colcon_core.event_reactor:joining thread
[7.907s] INFO:colcon.colcon_core.plugin_system:Skipping extension 'colcon_notification.desktop_notification.terminal_notifier': Not used on non-Darwin systems
[7.907s] INFO:colcon.colcon_core.plugin_system:Skipping extension 'colcon_notification.desktop_notification.win32': Not used on non-Windows systems
[7.907s] INFO:colcon.colcon_notification.desktop_notification:Sending desktop notification using 'notify2'
[7.951s] DEBUG:colcon.colcon_core.event_reactor:joined thread
[7.955s] INFO:colcon.colcon_core.shell:Creating prefix script '/home/ram-user/pong_ws/install/local_setup.ps1'
[7.957s] INFO:colcon.colcon_core.shell:Creating prefix util module '/home/ram-user/pong_ws/install/_local_setup_util_ps1.py'
[7.964s] INFO:colcon.colcon_core.shell:Creating prefix chain script '/home/ram-user/pong_ws/install/setup.ps1'
[7.971s] INFO:colcon.colcon_core.shell:Creating prefix script '/home/ram-user/pong_ws/install/local_setup.sh'
[7.972s] INFO:colcon.colcon_core.shell:Creating prefix util module '/home/ram-user/pong_ws/install/_local_setup_util_sh.py'
[7.973s] INFO:colcon.colcon_core.shell:Creating prefix chain script '/home/ram-user/pong_ws/install/setup.sh'
[7.981s] INFO:colcon.colcon_core.shell:Creating prefix script '/home/ram-user/pong_ws/install/local_setup.bash'
[7.982s] INFO:colcon.colcon_core.shell:Creating prefix chain script '/home/ram-user/pong_ws/install/setup.bash'
[7.993s] INFO:colcon.colcon_core.shell:Creating prefix script '/home/ram-user/pong_ws/install/local_setup.zsh'
[7.994s] INFO:colcon.colcon_core.shell:Creating prefix chain script '/home/ram-user/pong_ws/install/setup.zsh'
